\BOOKMARK [0][-]{chapter.2}{\376\377\000M\000a\000t\000e\000m\000\341\000t\000i\000c\000a\000s\000\040\000D\000i\000s\000c\000r\000e\000t\000a\000s}{}% 2
\BOOKMARK [1][-]{section.2.1}{\376\377\000L\000\363\000g\000i\000c\000a\000\040\000y\000\040\000C\000\341\000l\000c\000u\000l\000o\000\040\000P\000r\000o\000p\000o\000s\000i\000c\000i\000o\000n\000a\000l}{chapter.2}% 3
\BOOKMARK [2][-]{subsection.2.1.1}{\376\377\000P\000r\000o\000p\000o\000s\000i\000c\000i\000o\000n\000e\000s\000\040\000y\000\040\000D\000e\000c\000l\000a\000r\000a\000c\000i\000o\000n\000e\000s\000\040\000C\000o\000m\000p\000u\000e\000s\000t\000a\000s}{section.2.1}% 4
\BOOKMARK [2][-]{subsection.2.1.2}{\376\377\000P\000r\000o\000p\000o\000s\000i\000c\000i\000o\000n\000e\000s\000\040\000c\000o\000m\000p\000u\000e\000s\000t\000a\000s}{section.2.1}% 5
\BOOKMARK [2][-]{subsection.2.1.3}{\376\377\000O\000p\000e\000r\000a\000c\000i\000o\000n\000e\000s\000\040\000L\000\363\000g\000i\000c\000a\000s\000\040\000B\000\341\000s\000i\000c\000a\000s}{section.2.1}% 6
\BOOKMARK [2][-]{subsection.2.1.4}{\376\377\000C\000o\000n\000j\000u\000n\000c\000i\000\363\000n\000\040\000p\000\040\000q}{section.2.1}% 7
\BOOKMARK [2][-]{subsection.2.1.5}{\376\377\000d\000i\000s\000y\000u\000n\000c\000i\000\363\000n\000\040\000p\000\040\000q}{section.2.1}% 8
\BOOKMARK [2][-]{subsection.2.1.6}{\376\377\000N\000e\000g\000a\000c\000i\000\363\000n\000\040\000p}{section.2.1}% 9
\BOOKMARK [2][-]{subsection.2.1.7}{\376\377\000P\000r\000o\000p\000o\000s\000i\000c\000i\000o\000n\000e\000s\000\040\000y\000\040\000T\000a\000b\000l\000a\000s\000\040\000d\000e\000\040\000V\000e\000r\000d\000a\000d}{section.2.1}% 10
\BOOKMARK [2][-]{subsection.2.1.8}{\376\377\000M\000\351\000t\000o\000d\000o\000\040\000a\000l\000t\000e\000r\000n\000a\000t\000i\000v\000o\000\040\000d\000e\000\040\000c\000o\000n\000s\000t\000r\000u\000i\000r\000\040\000u\000n\000a\000\040\000t\000a\000b\000l\000a\000\040\000d\000e\000\040\000v\000e\000r\000d\000a\000d}{section.2.1}% 11
\BOOKMARK [2][-]{subsection.2.1.9}{\376\377\000E\000q\000u\000i\000v\000a\000l\000e\000n\000c\000i\000a\000s\000\040\000L\000\363\000g\000i\000c\000a\000s}{section.2.1}% 12
\BOOKMARK [2][-]{subsection.2.1.10}{\376\377\000S\000e\000n\000t\000e\000n\000c\000i\000a\000s\000\040\000c\000o\000n\000d\000i\000c\000i\000o\000n\000a\000l\000e\000s\000\040\000y\000\040\000b\000i\000c\000o\000n\000d\000i\000c\000i\000o\000n\000a\000l\000e\000s}{section.2.1}% 13
\BOOKMARK [2][-]{subsection.2.1.11}{\376\377\000A\000r\000g\000u\000m\000e\000n\000t\000o\000s}{section.2.1}% 14
\BOOKMARK [2][-]{subsection.2.1.12}{\376\377\000F\000u\000n\000c\000i\000o\000n\000e\000s\000\040\000p\000r\000o\000p\000o\000s\000i\000c\000i\000o\000n\000a\000l\000e\000s\000\040\000y\000\040\000C\000u\000a\000n\000t\000i\000f\000i\000c\000a\000d\000o\000r\000e\000s}{section.2.1}% 15
\BOOKMARK [2][-]{subsection.2.1.13}{\376\377\000C\000u\000a\000n\000t\000i\000f\000i\000c\000a\000d\000o\000r\000\040\000u\000n\000i\000v\000e\000r\000s\000a\000l}{section.2.1}% 16
\BOOKMARK [2][-]{subsection.2.1.14}{\376\377\000C\000u\000a\000n\000t\000i\000f\000i\000c\000a\000d\000o\000r\000\040\000e\000x\000i\000s\000t\000e\000n\000c\000i\000a\000l}{section.2.1}% 17
\BOOKMARK [2][-]{subsection.2.1.15}{\376\377\000N\000e\000g\000a\000c\000i\000\363\000n\000\040\000d\000e\000\040\000S\000e\000n\000t\000e\000n\000c\000i\000a\000s\000\040\000C\000u\000a\000n\000t\000i\000f\000i\000c\000a\000d\000a\000s}{section.2.1}% 18
\BOOKMARK [2][-]{subsection.2.1.16}{\376\377\000E\000j\000e\000m\000p\000l\000o\000s\000\040\000R\000e\000s\000u\000e\000l\000t\000o\000s}{section.2.1}% 19
\BOOKMARK [2][-]{subsection.2.1.17}{\376\377\000P\000r\000o\000p\000o\000s\000i\000o\000n\000e\000s\000\040\000y\000\040\000T\000a\000b\000l\000a\000s\000\040\000d\000e\000\040\000V\000e\000r\000d\000a\000d}{section.2.1}% 20
\BOOKMARK [2][-]{subsection.2.1.18}{\376\377\000S\000e\000n\000t\000e\000n\000c\000i\000a\000s\000\040\000c\000o\000n\000d\000i\000c\000i\000o\000n\000a\000l\000e\000s}{section.2.1}% 21
\BOOKMARK [2][-]{subsection.2.1.19}{\376\377\000A\000r\000g\000u\000m\000e\000n\000t\000o\000s}{section.2.1}% 22
\BOOKMARK [2][-]{subsection.2.1.20}{\376\377\000C\000u\000a\000n\000t\000i\000f\000i\000c\000a\000d\000o\000r\000e\000s\000\040\000y\000\040\000F\000u\000n\000c\000i\000o\000n\000e\000s\000\040\000P\000r\000o\000p\000o\000s\000i\000c\000i\000o\000n\000a\000l\000e\000s}{section.2.1}% 23
\BOOKMARK [2][-]{subsection.2.1.21}{\376\377\000B\000i\000b\000l\000i\000o\000g\000r\000a\000f\000\355\000a}{section.2.1}% 24
\BOOKMARK [1][-]{section.2.2}{\376\377\000T\000e\000o\000r\000\355\000a\000\040\000d\000e\000\040\000C\000o\000n\000j\000u\000n\000t\000o\000s}{chapter.2}% 25
\BOOKMARK [2][-]{subsection.2.2.1}{\376\377\000C\000o\000n\000j\000u\000n\000t\000o\000s\000\040\000y\000\040\000E\000l\000e\000m\000e\000n\000t\000o\000s\000.\000\040\000S\000u\000b\000c\000o\000n\000j\000u\000n\000t\000o\000s}{section.2.2}% 26
\BOOKMARK [2][-]{subsection.2.2.2}{\376\377\000E\000s\000p\000e\000c\000i\000f\000i\000c\000a\000c\000i\000\363\000n\000\040\000d\000e\000\040\000C\000o\000n\000j\000u\000n\000t\000o\000s}{section.2.2}% 27
\BOOKMARK [2][-]{subsection.2.2.3}{\376\377\000S\000u\000b\000c\000o\000n\000j\000u\000n\000t\000o\000s}{section.2.2}% 28
\BOOKMARK [2][-]{subsection.2.2.4}{\376\377\000S\000\355\000m\000b\000o\000l\000o\000s\000\040\000e\000s\000p\000e\000c\000i\000a\000l\000e\000s}{section.2.2}% 29
\BOOKMARK [2][-]{subsection.2.2.5}{\376\377\000C\000o\000n\000j\000u\000n\000t\000o\000\040\000U\000n\000i\000v\000e\000r\000s\000a\000l\000\040\000y\000\040\000C\000o\000n\000j\000u\000n\000t\000o\000\040\000V\000a\000c\000\355\000o}{section.2.2}% 30
\BOOKMARK [2][-]{subsection.2.2.6}{\376\377\000C\000o\000n\000j\000u\000n\000t\000o\000s\000\040\000d\000i\000s\000j\000u\000n\000t\000o\000s}{section.2.2}% 31
\BOOKMARK [2][-]{subsection.2.2.7}{\376\377\000D\000i\000a\000g\000r\000a\000m\000a\000s\000\040\000d\000e\000\040\000V\000e\000n\000n}{section.2.2}% 32
\BOOKMARK [2][-]{subsection.2.2.8}{\376\377\000O\000p\000e\000r\000a\000c\000i\000o\000n\000e\000s\000\040\000c\000o\000n\000\040\000C\000o\000n\000j\000u\000n\000t\000o\000s}{section.2.2}% 33
\BOOKMARK [2][-]{subsection.2.2.9}{\376\377\000U\000n\000i\000\363\000n\000\040\000e\000\040\000I\000n\000t\000e\000r\000s\000e\000c\000c\000i\000\363\000n}{section.2.2}% 34
\BOOKMARK [2][-]{subsection.2.2.10}{\376\377\000C\000o\000m\000p\000l\000e\000m\000e\000n\000t\000o\000s\000,\000\040\000D\000i\000f\000e\000r\000e\000n\000c\000i\000a\000s\000\040\000y\000\040\000D\000i\000f\000e\000r\000e\000n\000c\000i\000a\000s\000\040\000S\000i\000m\000\351\000t\000r\000i\000c\000a\000s}{section.2.2}% 35
\BOOKMARK [2][-]{subsection.2.2.11}{\376\377\000C\000o\000n\000j\000u\000n\000t\000o\000s\000\040\000f\000u\000n\000d\000a\000m\000e\000n\000t\000a\000l\000e\000s}{section.2.2}% 36
\BOOKMARK [2][-]{subsection.2.2.12}{\376\377\000\301\000l\000g\000e\000b\000r\000a\000\040\000d\000e\000\040\000c\000o\000n\000j\000u\000n\000t\000o\000s\000,\000\040\000d\000u\000a\000l\000i\000d\000a\000d}{section.2.2}% 37
\BOOKMARK [2][-]{subsection.2.2.13}{\376\377\000I\000n\000d\000u\000c\000c\000i\000\363\000n\000\040\000M\000a\000t\000e\000m\000\341\000t\000i\000c\000a}{section.2.2}% 38
\BOOKMARK [1][-]{section.2.3}{\376\377\000I\000n\000d\000u\000c\000c\000i\000\363\000n\000\040\000M\000a\000t\000e\000m\000\341\000t\000i\000c\000a}{chapter.2}% 39
\BOOKMARK [2][-]{subsection.2.3.1}{\376\377\000I\000n\000t\000r\000o\000d\000u\000c\000c\000i\000\363\000n}{section.2.3}% 40
\BOOKMARK [2][-]{subsection.2.3.2}{\376\377\000N\000o\000t\000a\000c\000i\000\363\000n\000\040\000`\000`\000S\000i\000g\000m\000a\000'\000'}{section.2.3}% 41
\BOOKMARK [2][-]{subsection.2.3.3}{\376\377\000E\000j\000e\000m\000p\000l\000o\000s\000\040\000R\000e\000s\000u\000e\000l\000t\000o\000s}{section.2.3}% 42
\BOOKMARK [2][-]{subsection.2.3.4}{\376\377\000F\000u\000n\000c\000i\000o\000n\000e\000s\000\040\000d\000e\000f\000i\000n\000i\000d\000a\000s\000\040\000d\000e\000\040\000m\000a\000n\000e\000r\000a\000\040\000r\000e\000c\000u\000r\000s\000i\000v\000a}{section.2.3}% 43
\BOOKMARK [2][-]{subsection.2.3.5}{\376\377\000L\000a\000\040\000f\000u\000n\000c\000i\000\363\000n\000\040\000f\000a\000c\000t\000o\000r\000i\000a\000l}{section.2.3}% 44
\BOOKMARK [2][-]{subsection.2.3.6}{\376\377\000S\000u\000c\000e\000c\000i\000\363\000n\000\040\000d\000e\000\040\000F\000i\000b\000o\000n\000a\000c\000c\000i}{section.2.3}% 45
\BOOKMARK [2][-]{subsection.2.3.7}{\376\377\000L\000a\000\040\000f\000u\000n\000c\000i\000\363\000n\000\040\000d\000e\000\040\000A\000c\000k\000e\000r\000m\000a\000n\000n}{section.2.3}% 46
\BOOKMARK [2][-]{subsection.2.3.8}{\376\377\000E\000j\000e\000m\000p\000l\000o\000s\000\040\000R\000e\000s\000u\000e\000l\000t\000o\000s}{section.2.3}% 47
\BOOKMARK [2][-]{subsection.2.3.9}{\376\377\000E\000j\000e\000m\000p\000l\000o\000s}{section.2.3}% 48
\BOOKMARK [1][-]{section.2.4}{\376\377\000R\000e\000l\000a\000c\000i\000o\000n\000e\000s}{chapter.2}% 49
\BOOKMARK [2][-]{subsection.2.4.1}{\376\377\000P\000r\000o\000d\000u\000c\000t\000o\000\040\000d\000e\000\040\000c\000o\000n\000j\000u\000n\000t\000o\000s}{section.2.4}% 50
\BOOKMARK [2][-]{subsection.2.4.2}{\376\377\000R\000e\000l\000a\000c\000i\000o\000n\000e\000s}{section.2.4}% 51
\BOOKMARK [2][-]{subsection.2.4.3}{\376\377\000E\000j\000e\000m\000p\000l\000o\000s}{section.2.4}% 52
\BOOKMARK [2][-]{subsection.2.4.4}{\376\377\000C\000o\000m\000p\000o\000s\000i\000c\000i\000\363\000n\000\040\000d\000e\000\040\000R\000e\000l\000a\000c\000i\000o\000n\000e\000s}{section.2.4}% 53
\BOOKMARK [2][-]{subsection.2.4.5}{\376\377\000T\000i\000p\000o\000s\000\040\000d\000e\000\040\000r\000e\000l\000a\000c\000i\000o\000n\000e\000s}{section.2.4}% 54
\BOOKMARK [2][-]{subsection.2.4.6}{\376\377\000R\000e\000l\000a\000c\000i\000o\000n\000e\000s\000\040\000r\000e\000f\000l\000e\000x\000i\000v\000a\000s}{section.2.4}% 55
\BOOKMARK [2][-]{subsection.2.4.7}{\376\377\000R\000e\000l\000a\000c\000i\000o\000n\000e\000s\000\040\000s\000i\000m\000\351\000t\000r\000i\000c\000a\000s\000\040\000y\000\040\000a\000n\000t\000i\000s\000i\000m\000\351\000t\000r\000i\000c\000a\000s}{section.2.4}% 56
\BOOKMARK [2][-]{subsection.2.4.8}{\376\377\000R\000e\000l\000a\000c\000i\000\363\000n\000\040\000t\000r\000a\000n\000s\000i\000t\000i\000v\000a}{section.2.4}% 57
\BOOKMARK [2][-]{subsection.2.4.9}{\376\377\000R\000e\000l\000a\000c\000i\000o\000n\000e\000s\000\040\000d\000e\000\040\000E\000q\000u\000i\000v\000a\000l\000e\000n\000c\000i\000a}{section.2.4}% 58
\BOOKMARK [2][-]{subsection.2.4.10}{\376\377\000P\000a\000r\000t\000i\000c\000i\000o\000n\000e\000s\000\040\000y\000\040\000c\000l\000a\000s\000e\000s\000\040\000d\000e\000\040\000e\000q\000u\000i\000v\000a\000l\000e\000n\000c\000i\000a}{section.2.4}% 59
\BOOKMARK [2][-]{subsection.2.4.11}{\376\377\000R\000e\000l\000a\000c\000i\000o\000n\000e\000s\000\040\000d\000e\000\040\000o\000r\000d\000e\000n\000\040\000p\000a\000r\000c\000i\000a\000l}{section.2.4}% 60
\BOOKMARK [2][-]{subsection.2.4.12}{\376\377\000F\000u\000n\000c\000i\000o\000n\000e\000s\000\040\000c\000o\000m\000o\000\040\000r\000e\000l\000a\000c\000i\000o\000n\000e\000s}{section.2.4}% 61
\BOOKMARK [2][-]{subsection.2.4.13}{\376\377\000F\000u\000n\000c\000i\000o\000n\000e\000s\000,\000\040\000g\000r\000\341\000f\000i\000c\000a\000s\000\040\000y\000\040\000r\000e\000l\000a\000c\000i\000o\000n\000e\000s}{section.2.4}% 62
\BOOKMARK [2][-]{subsection.2.4.14}{\376\377\000C\000o\000m\000p\000o\000s\000i\000c\000i\000\363\000n\000\040\000d\000e\000\040\000F\000u\000n\000c\000i\000o\000n\000e\000s}{section.2.4}% 63
\BOOKMARK [2][-]{subsection.2.4.15}{\376\377\000F\000u\000n\000c\000i\000o\000n\000e\000s\000\040\000i\000n\000y\000e\000c\000t\000i\000v\000a\000s\000,\000\040\000s\000u\000p\000r\000a\000y\000e\000c\000t\000i\000v\000a\000s\000\040\000e\000\040\000i\000n\000v\000e\000r\000s\000a\000s}{section.2.4}% 64
\BOOKMARK [2][-]{subsection.2.4.16}{\376\377\000C\000o\000m\000o\000\040\000e\000n\000c\000o\000n\000t\000r\000a\000r\000\040\000f\000u\000n\000c\000i\000o\000n\000e\000s\000\040\000i\000n\000v\000e\000r\000s\000a\000s}{section.2.4}% 65
\BOOKMARK [2][-]{subsection.2.4.17}{\376\377\000C\000a\000r\000a\000c\000t\000e\000r\000i\000z\000a\000c\000i\000\363\000n\000\040\000g\000e\000o\000m\000\351\000t\000r\000i\000c\000a}{section.2.4}% 66
\BOOKMARK [2][-]{subsection.2.4.18}{\376\377\000P\000e\000r\000m\000u\000t\000a\000c\000i\000o\000n\000e\000s}{section.2.4}% 67
\BOOKMARK [0][-]{chapter.3}{\376\377\000T\000e\000o\000r\000\355\000a\000\040\000d\000e\000\040\000g\000r\000\341\000f\000i\000c\000o\000s}{}% 68
\BOOKMARK [1][-]{section.3.1}{\376\377\000M\000a\000t\000r\000i\000c\000e\000s}{chapter.3}% 69
\BOOKMARK [2][-]{subsection.3.1.1}{\376\377\000O\000p\000e\000r\000a\000c\000i\000o\000n\000e\000s\000\040\000e\000l\000e\000m\000e\000n\000t\000a\000l\000e\000s}{section.3.1}% 70
\BOOKMARK [2][-]{subsection.3.1.2}{\376\377\000M\000u\000l\000t\000i\000p\000l\000i\000c\000a\000c\000i\000\363\000n}{section.3.1}% 71
\BOOKMARK [1][-]{section.3.2}{\376\377\000T\000e\000o\000r\000\355\000a\000\040\000g\000e\000n\000e\000r\000a\000l\000\040\000d\000e\000\040\000g\000r\000a\000f\000o\000s}{chapter.3}% 72
\BOOKMARK [2][-]{subsection.3.2.1}{\376\377\000D\000e\000f\000i\000n\000i\000c\000i\000\363\000n\000\040\000d\000e\000\040\000g\000r\000a\000f\000o}{section.3.2}% 73
\BOOKMARK [2][-]{subsection.3.2.2}{\376\377\000S\000u\000b\000g\000r\000a\000f\000o\000s\000\040\000y\000\040\000g\000r\000a\000f\000o\000s\000\040\000h\000o\000m\000e\000o\000m\000o\000r\000f\000o\000s\000\040\000e\000\040\000i\000s\000o\000m\000o\000r\000f\000o\000s}{section.3.2}% 74
\BOOKMARK [2][-]{subsection.3.2.3}{\376\377\000C\000a\000m\000i\000n\000o\000s\000\040\000y\000\040\000c\000o\000n\000e\000x\000i\000d\000a\000d}{section.3.2}% 75
\BOOKMARK [2][-]{subsection.3.2.4}{\376\377\000G\000r\000a\000f\000o\000s\000\040\000t\000r\000a\000n\000s\000i\000t\000a\000b\000l\000e\000s\000\040\000y\000\040\000e\000u\000l\000e\000r\000i\000a\000n\000o\000s}{section.3.2}% 76
\BOOKMARK [2][-]{subsection.3.2.5}{\376\377\000M\000a\000t\000r\000i\000z\000\040\000d\000e\000\040\000a\000d\000y\000a\000c\000e\000n\000c\000i\000a}{section.3.2}% 77
\BOOKMARK [1][-]{section.3.3}{\376\377\000D\000i\000g\000r\000a\000f\000o\000s}{chapter.3}% 78
\BOOKMARK [2][-]{subsection.3.3.1}{\376\377\000G\000r\000a\000f\000o\000s\000\040\000d\000i\000r\000i\000g\000i\000d\000o\000s}{section.3.3}% 79
\BOOKMARK [2][-]{subsection.3.3.2}{\376\377\000M\000a\000t\000r\000i\000z\000\040\000d\000e\000\040\000a\000d\000y\000a\000c\000e\000n\000c\000i\000a}{section.3.3}% 80
\BOOKMARK [2][-]{subsection.3.3.3}{\376\377\000M\000a\000t\000r\000i\000z\000\040\000d\000e\000\040\000a\000c\000c\000e\000s\000i\000b\000i\000l\000i\000d\000a\000d}{section.3.3}% 81
