This is pdfTeX, Version 3.141592653-2.6-1.40.22 (MiKTeX 21.3) (preloaded format=pdflatex 2021.5.25)  31 MAY 2021 21:18
entering extended mode
**./__draft__.tex
(__draft__.tex
LaTeX2e <2020-10-01> patch level 4
L3 programming layer <2021-05-11> (WileySix.cls


 Wiley Book Style, Design No.: SD 001C
 and SD 004B
 
 Written by Amy Hendrickson, TeXnology, Inc.
 
 This version is dated Feb 16, 2011


\phspace=\dimen138
\SpaceAboveChapterNumber=\dimen139
\savefootnotenumber=\count179
\ftnum=\count180
\saveftnum=\count181
\c@chapapp=\count182
\c@part=\count183
\c@chapter=\count184
\c@section=\count185
\c@subsection=\count186
\c@subsubsection=\count187
\c@paragraph=\count188
\c@subparagraph=\count189
\c@figure=\count190
\c@table=\count191
\abovecaptionskip=\skip47
\belowcaptionskip=\skip48
\partskip=\skip49
\tabandfigskip=\skip50
\footnum=\count192
\savefootnum=\count193
\@indexfile=\write3
\openout3 = `__draft__.idx'.

Writing index file __draft__.idx
\iletterskip=\skip51
\timing=\count194
\hourcount=\count195
\oldtime=\count196
\probcount=\count197
\subprobcount=\count198
\c@subproblem=\count199
\c@subproblem=\count266
\widthofcropmarks=\dimen140
\raisetopcropmarks=\dimen141
\raisebottomcropmarks=\dimen142
\movecropmarksright=\dimen143
\c@theorem=\count267
\c@appfootnote=\count268
\slugwidth=\dimen144
\slugheight=\dimen145
\slugdepth=\dimen146
\c@exampnum=\count269
\c@algo=\count270
\c@algorithm=\count271
\chapskip=\dimen147
\chapheight=\dimen148
\authorskip=\dimen149
) (_paquetes.tex
(C:\Users\julih\AppData\Local\Programs\MiKTeX\tex/latex/base\fontenc.sty
Package: fontenc 2020/08/10 v2.0s Standard LaTeX package
)
(C:\Users\julih\AppData\Local\Programs\MiKTeX\tex/latex/graphics\graphicx.sty
Package: graphicx 2020/09/09 v1.2b Enhanced LaTeX Graphics (DPC,SPQR)

(C:\Users\julih\AppData\Local\Programs\MiKTeX\tex/latex/graphics\keyval.sty
Package: keyval 2014/10/28 v1.15 key=value parser (DPC)
\KV@toks@=\toks15
)
(C:\Users\julih\AppData\Local\Programs\MiKTeX\tex/latex/graphics\graphics.sty
Package: graphics 2020/08/30 v1.4c Standard LaTeX Graphics (DPC,SPQR)

(C:\Users\julih\AppData\Local\Programs\MiKTeX\tex/latex/graphics\trig.sty
Package: trig 2016/01/03 v1.10 sin cos tan (DPC)
)
(C:\Users\julih\AppData\Local\Programs\MiKTeX\tex/latex/graphics-cfg\graphics.c
fg
File: graphics.cfg 2016/06/04 v1.11 sample graphics configuration
)
Package graphics Info: Driver file: pdftex.def on input line 105.

(C:\Users\julih\AppData\Local\Programs\MiKTeX\tex/latex/graphics-def\pdftex.def
File: pdftex.def 2020/10/05 v1.2a Graphics/color driver for pdftex
))
\Gin@req@height=\dimen150
\Gin@req@width=\dimen151
) (C:\Users\julih\AppData\Local\Programs\MiKTeX\tex/latex/base\inputenc.sty
Package: inputenc 2020/08/01 v1.3d Input encoding file
\inpenc@prehook=\toks16
\inpenc@posthook=\toks17
)
(C:\Users\julih\AppData\Local\Programs\MiKTeX\tex/generic/babel\babel.sty
Package: babel 2021/05/16 3.59 The Babel package

(C:\Users\julih\AppData\Local\Programs\MiKTeX\tex/generic/babel\babel.def
File: babel.def 2021/05/16 3.59 Babel common definitions
\babel@savecnt=\count272
\U@D=\dimen152
\l@unhyphenated=\language79

(C:\Users\julih\AppData\Local\Programs\MiKTeX\tex/generic/babel\txtbabel.def)
\bbl@readstream=\read2
)
\bbl@dirlevel=\count273

*************************************
* Local config file bblopts.cfg used
*
(C:\Users\julih\AppData\Local\Programs\MiKTeX\tex/latex/arabi\bblopts.cfg
File: bblopts.cfg 2005/09/08 v0.1 add Arabic and Farsi to "declared" options of
 babel
)
(C:\Users\julih\AppData\Local\Programs\MiKTeX\tex/latex/babel-spanish\spanish.l
df
Language: spanish.ldf 2016/03/03 v5.0p Spanish support from the babel system
\es@quottoks=\toks18
\es@quotdepth=\count274
Package babel Info: Making " an active character on input line 561.
)) (C:\Users\julih\AppData\Local\Programs\MiKTeX\tex/latex/base\fontenc.sty
Package: fontenc 2020/08/10 v2.0s Standard LaTeX package
)
(C:\Users\julih\AppData\Local\Programs\MiKTeX\tex/latex/amsmath\amsmath.sty
Package: amsmath 2020/09/23 v2.17i AMS math features
\@mathmargin=\skip52

For additional information on amsmath, use the `?' option.
(C:\Users\julih\AppData\Local\Programs\MiKTeX\tex/latex/amsmath\amstext.sty
Package: amstext 2000/06/29 v2.01 AMS text

(C:\Users\julih\AppData\Local\Programs\MiKTeX\tex/latex/amsmath\amsgen.sty
File: amsgen.sty 1999/11/30 v2.0 generic functions
\@emptytoks=\toks19
\ex@=\dimen153
))
(C:\Users\julih\AppData\Local\Programs\MiKTeX\tex/latex/amsmath\amsbsy.sty
Package: amsbsy 1999/11/29 v1.2d Bold Symbols
\pmbraise@=\dimen154
)
(C:\Users\julih\AppData\Local\Programs\MiKTeX\tex/latex/amsmath\amsopn.sty
Package: amsopn 2016/03/08 v2.02 operator names
)
\inf@bad=\count275
LaTeX Info: Redefining \frac on input line 234.
\uproot@=\count276
\leftroot@=\count277
LaTeX Info: Redefining \overline on input line 399.
\classnum@=\count278
\DOTSCASE@=\count279
LaTeX Info: Redefining \ldots on input line 496.
LaTeX Info: Redefining \dots on input line 499.
LaTeX Info: Redefining \cdots on input line 620.
\Mathstrutbox@=\box47
\strutbox@=\box48
\big@size=\dimen155
LaTeX Font Info:    Redeclaring font encoding OML on input line 743.
LaTeX Font Info:    Redeclaring font encoding OMS on input line 744.
\macc@depth=\count280
\c@MaxMatrixCols=\count281
\dotsspace@=\muskip16
\c@parentequation=\count282
\dspbrk@lvl=\count283
\tag@help=\toks20
\row@=\count284
\column@=\count285
\maxfields@=\count286
\andhelp@=\toks21
\eqnshift@=\dimen156
\alignsep@=\dimen157
\tagshift@=\dimen158
\tagwidth@=\dimen159
\totwidth@=\dimen160
\lineht@=\dimen161
\@envbody=\toks22
\multlinegap=\skip53
\multlinetaggap=\skip54
\mathdisplay@stack=\toks23
LaTeX Info: Redefining \[ on input line 2923.
LaTeX Info: Redefining \] on input line 2924.
)
(C:\Users\julih\AppData\Local\Programs\MiKTeX\tex/latex/amsfonts\amssymb.sty
Package: amssymb 2013/01/14 v3.01 AMS font symbols

(C:\Users\julih\AppData\Local\Programs\MiKTeX\tex/latex/amsfonts\amsfonts.sty
Package: amsfonts 2013/01/14 v3.01 Basic AMSFonts support
\symAMSa=\mathgroup4
\symAMSb=\mathgroup5
LaTeX Font Info:    Redeclaring math symbol \hbar on input line 98.
LaTeX Font Info:    Overwriting math alphabet `\mathfrak' in version `bold'
(Font)                  U/euf/m/n --> U/euf/b/n on input line 106.
)) (C:\Users\julih\AppData\Local\Programs\MiKTeX\tex/latex/jknappen\mathrsfs.st
y
Package: mathrsfs 1996/01/01 Math RSFS package v1.0 (jk)
\symrsfs=\mathgroup6
) (C:\Users\julih\AppData\Local\Programs\MiKTeX\tex/latex/yfonts\yfonts.sty
Package: yfonts 2019/04/04 v1.4 (WaS&NP)
Now handling font encoding LY ...
... no UTF-8 mapping file for font encoding LY
Now handling font encoding LYG ...
... no UTF-8 mapping file for font encoding LYG
LaTeX Info: Composite with undeclared \" in encoding LYG on input line 58.
)
(C:\Users\julih\AppData\Local\Programs\MiKTeX\tex/latex/latex-tools\enumerate.s
ty
Package: enumerate 2015/07/23 v3.00 enumerate extensions (DPC)
\@enLab=\toks24
)
(C:\Users\julih\AppData\Local\Programs\MiKTeX\tex/latex/mathtools\mathtools.sty
Package: mathtools 2021/04/12 v1.27 mathematical typesetting tools
(C:\Users\julih\AppData\Local\Programs\MiKTeX\tex/latex/latex-tools\calc.sty
Package: calc 2017/05/25 v4.3 Infix arithmetic (KKT,FJ)
\calc@Acount=\count287
\calc@Bcount=\count288
\calc@Adimen=\dimen162
\calc@Bdimen=\dimen163
\calc@Askip=\skip55
\calc@Bskip=\skip56
LaTeX Info: Redefining \setlength on input line 80.
LaTeX Info: Redefining \addtolength on input line 81.
\calc@Ccount=\count289
\calc@Cskip=\skip57
)
(C:\Users\julih\AppData\Local\Programs\MiKTeX\tex/latex/mathtools\mhsetup.sty
Package: mhsetup 2021/03/18 v1.4 programming setup (MH)
)
LaTeX Info: Thecontrolsequence`\('isalreadyrobust on input line 130.
LaTeX Info: Thecontrolsequence`\)'isalreadyrobust on input line 130.
LaTeX Info: Thecontrolsequence`\['isalreadyrobust on input line 130.
LaTeX Info: Thecontrolsequence`\]'isalreadyrobust on input line 130.
\g_MT_multlinerow_int=\count290
\l_MT_multwidth_dim=\dimen164
\origjot=\skip58
\l_MT_shortvdotswithinadjustabove_dim=\dimen165
\l_MT_shortvdotswithinadjustbelow_dim=\dimen166
\l_MT_above_intertext_sep=\dimen167
\l_MT_below_intertext_sep=\dimen168
\l_MT_above_shortintertext_sep=\dimen169
\l_MT_below_shortintertext_sep=\dimen170
\xmathstrut@box=\box49
\xmathstrut@dim=\dimen171
) (C:\Users\julih\AppData\Local\Programs\MiKTeX\tex/latex/base\textcomp.sty
Package: textcomp 2020/02/02 v2.0n Standard LaTeX package
)
(C:\Users\julih\AppData\Local\Programs\MiKTeX\tex/latex/lm\lmodern.sty
Package: lmodern 2009/10/30 v1.6 Latin Modern Fonts
LaTeX Font Info:    Overwriting symbol font `operators' in version `normal'
(Font)                  OT1/cmr/m/n --> OT1/lmr/m/n on input line 22.
LaTeX Font Info:    Overwriting symbol font `letters' in version `normal'
(Font)                  OML/cmm/m/it --> OML/lmm/m/it on input line 23.
LaTeX Font Info:    Overwriting symbol font `symbols' in version `normal'
(Font)                  OMS/cmsy/m/n --> OMS/lmsy/m/n on input line 24.
LaTeX Font Info:    Overwriting symbol font `largesymbols' in version `normal'
(Font)                  OMX/cmex/m/n --> OMX/lmex/m/n on input line 25.
LaTeX Font Info:    Overwriting symbol font `operators' in version `bold'
(Font)                  OT1/cmr/bx/n --> OT1/lmr/bx/n on input line 26.
LaTeX Font Info:    Overwriting symbol font `letters' in version `bold'
(Font)                  OML/cmm/b/it --> OML/lmm/b/it on input line 27.
LaTeX Font Info:    Overwriting symbol font `symbols' in version `bold'
(Font)                  OMS/cmsy/b/n --> OMS/lmsy/b/n on input line 28.
LaTeX Font Info:    Overwriting symbol font `largesymbols' in version `bold'
(Font)                  OMX/cmex/m/n --> OMX/lmex/m/n on input line 29.
LaTeX Font Info:    Overwriting math alphabet `\mathbf' in version `normal'
(Font)                  OT1/cmr/bx/n --> OT1/lmr/bx/n on input line 31.
LaTeX Font Info:    Overwriting math alphabet `\mathsf' in version `normal'
(Font)                  OT1/cmss/m/n --> OT1/lmss/m/n on input line 32.
LaTeX Font Info:    Overwriting math alphabet `\mathit' in version `normal'
(Font)                  OT1/cmr/m/it --> OT1/lmr/m/it on input line 33.
LaTeX Font Info:    Overwriting math alphabet `\mathtt' in version `normal'
(Font)                  OT1/cmtt/m/n --> OT1/lmtt/m/n on input line 34.
LaTeX Font Info:    Overwriting math alphabet `\mathbf' in version `bold'
(Font)                  OT1/cmr/bx/n --> OT1/lmr/bx/n on input line 35.
LaTeX Font Info:    Overwriting math alphabet `\mathsf' in version `bold'
(Font)                  OT1/cmss/bx/n --> OT1/lmss/bx/n on input line 36.
LaTeX Font Info:    Overwriting math alphabet `\mathit' in version `bold'
(Font)                  OT1/cmr/bx/it --> OT1/lmr/bx/it on input line 37.
LaTeX Font Info:    Overwriting math alphabet `\mathtt' in version `bold'
(Font)                  OT1/cmtt/m/n --> OT1/lmtt/m/n on input line 38.
)
(C:\Users\julih\AppData\Local\Programs\MiKTeX\tex/latex/fancyvrb\fancyvrb.sty
Package: fancyvrb 2021/01/20 v3.7 verbatim text (tvz,hv)
\FV@CodeLineNo=\count291
\FV@InFile=\read3
\FV@TabBox=\box50
\c@FancyVerbLine=\count292
\FV@StepNumber=\count293
\FV@OutFile=\write4
)
(C:\Users\julih\AppData\Local\Programs\MiKTeX\tex/latex/latex-tools\multicol.st
y
Package: multicol 2019/12/09 v1.8y multicolumn formatting (FMi)
\c@tracingmulticols=\count294
\mult@box=\box51
\multicol@leftmargin=\dimen172
\c@unbalance=\count295
\c@collectmore=\count296
\doublecol@number=\count297
\multicoltolerance=\count298
\multicolpretolerance=\count299
\full@width=\dimen173
\page@free=\dimen174
\premulticols=\dimen175
\postmulticols=\dimen176
\multicolsep=\skip59
\multicolbaselineskip=\skip60
\partial@page=\box52
\last@line=\box53
\maxbalancingoverflow=\dimen177
\mult@rightbox=\box54
\mult@grightbox=\box55
\mult@gfirstbox=\box56
\mult@firstbox=\box57
\@tempa=\box58
\@tempa=\box59
\@tempa=\box60
\@tempa=\box61
\@tempa=\box62
\@tempa=\box63
\@tempa=\box64
\@tempa=\box65
\@tempa=\box66
\@tempa=\box67
\@tempa=\box68
\@tempa=\box69
\@tempa=\box70
\@tempa=\box71
\@tempa=\box72
\@tempa=\box73
\@tempa=\box74
\@tempa=\box75
\@tempa=\box76
\@tempa=\box77
\@tempa=\box78
\@tempa=\box79
\@tempa=\box80
\@tempa=\box81
\@tempa=\box82
\@tempa=\box83
\@tempa=\box84
\@tempa=\box85
\@tempa=\box86
\@tempa=\box87
\@tempa=\box88
\@tempa=\box89
\@tempa=\box90
\@tempa=\box91
\@tempa=\box92
\@tempa=\box93
\@tempa=\box94
\c@minrows=\count300
\c@columnbadness=\count301
\c@finalcolumnbadness=\count302
\last@try=\dimen178
\multicolovershoot=\dimen179
\multicolundershoot=\dimen180
\mult@nat@firstbox=\box95
\colbreak@box=\box96
\mc@col@check@num=\count303
) (C:\Users\julih\AppData\Local\Programs\MiKTeX\tex/latex/wrapfig\wrapfig.sty
\wrapoverhang=\dimen181
\WF@size=\dimen182
\c@WF@wrappedlines=\count304
\WF@box=\box97
\WF@everypar=\toks25
Package: wrapfig 2003/01/31  v 3.6
) (C:\Users\julih\AppData\Local\Programs\MiKTeX\tex/latex/floatflt\floatflt.sty
Package: floatflt 1997/07/16 v. 1.31
\c@OptionTest=\count305
\figbox=\box98
\tabbox=\box99
\pagebox=\box100
\ffigcount=\count306
\ftabcount=\count307
\fftest=\count308
\hangcount=\count309
\nosuccesstryfig=\count310
\nosuccesstrytab=\count311
\figgutter=\dimen183
\tabgutter=\dimen184
\htdone=\dimen185
\pageht=\dimen186
\startpageht=\dimen187
\tabbredd=\dimen188
\floatfltwidth=\dimen189
\fltitemwidth=\dimen190
\outputpretest=\toks26
)
(C:\Users\julih\AppData\Local\Programs\MiKTeX\tex/latex/filecontents\fileconten
ts.sty
Package: filecontents 2019/09/20 v1.5 Create an external file from within a LaT
eX document


Package filecontents Warning: This package is obsolete. Disabling it and
(filecontents)                passing control to the filecontents environment
(filecontents)                defined by the LaTeX kernel.

) (C:\Users\julih\AppData\Local\Programs\MiKTeX\tex/latex/hyperref\hyperref.sty
Package: hyperref 2021-02-27 v7.00k Hypertext links for LaTeX
(C:\Users\julih\AppData\Local\Programs\MiKTeX\tex/generic/ltxcmds\ltxcmds.sty
Package: ltxcmds 2020-05-10 v1.25 LaTeX kernel commands for general use (HO)
)
(C:\Users\julih\AppData\Local\Programs\MiKTeX\tex/generic/iftex\iftex.sty
Package: iftex 2020/03/06 v1.0d TeX engine tests
)
(C:\Users\julih\AppData\Local\Programs\MiKTeX\tex/generic/pdftexcmds\pdftexcmds
.sty
Package: pdftexcmds 2020-06-27 v0.33 Utility functions of pdfTeX for LuaTeX (HO
)

(C:\Users\julih\AppData\Local\Programs\MiKTeX\tex/generic/infwarerr\infwarerr.s
ty
Package: infwarerr 2019/12/03 v1.5 Providing info/warning/error messages (HO)
)
Package pdftexcmds Info: \pdf@primitive is available.
Package pdftexcmds Info: \pdf@ifprimitive is available.
Package pdftexcmds Info: \pdfdraftmode found.
)
(C:\Users\julih\AppData\Local\Programs\MiKTeX\tex/generic/kvsetkeys\kvsetkeys.s
ty
Package: kvsetkeys 2019/12/15 v1.18 Key value parser (HO)
)
(C:\Users\julih\AppData\Local\Programs\MiKTeX\tex/generic/kvdefinekeys\kvdefine
keys.sty
Package: kvdefinekeys 2019-12-19 v1.6 Define keys (HO)
)
(C:\Users\julih\AppData\Local\Programs\MiKTeX\tex/generic/pdfescape\pdfescape.s
ty
Package: pdfescape 2019/12/09 v1.15 Implements pdfTeX's escape features (HO)
) (C:\Users\julih\AppData\Local\Programs\MiKTeX\tex/latex/hycolor\hycolor.sty
Package: hycolor 2020-01-27 v1.10 Color options for hyperref/bookmark (HO)
)
(C:\Users\julih\AppData\Local\Programs\MiKTeX\tex/latex/letltxmacro\letltxmacro
.sty
Package: letltxmacro 2019/12/03 v1.6 Let assignment for LaTeX macros (HO)
)
(C:\Users\julih\AppData\Local\Programs\MiKTeX\tex/latex/auxhook\auxhook.sty
Package: auxhook 2019-12-17 v1.6 Hooks for auxiliary files (HO)


Package auxhook Warning: Cannot patch \document,
(auxhook)                using \AtBeginDocument instead.

)
(C:\Users\julih\AppData\Local\Programs\MiKTeX\tex/latex/kvoptions\kvoptions.sty
Package: kvoptions 2020-10-07 v3.14 Key value format for package options (HO)
)
\@linkdim=\dimen191
\Hy@linkcounter=\count312
\Hy@pagecounter=\count313
 (C:\Users\julih\AppData\Local\Programs\MiKTeX\tex/latex/hyperref\pd1enc.def
File: pd1enc.def 2021-02-27 v7.00k Hyperref: PDFDocEncoding definition (HO)
Now handling font encoding PD1 ...
... no UTF-8 mapping file for font encoding PD1
)
(C:\Users\julih\AppData\Local\Programs\MiKTeX\tex/latex/hyperref\hyperref-langp
atches.def
File: hyperref-langpatches.def 2021-02-27 v7.00k Hyperref: patches for babel la
nguages
)
(C:\Users\julih\AppData\Local\Programs\MiKTeX\tex/generic/intcalc\intcalc.sty
Package: intcalc 2019/12/15 v1.3 Expandable calculations with integers (HO)
)
(C:\Users\julih\AppData\Local\Programs\MiKTeX\tex/generic/etexcmds\etexcmds.sty
Package: etexcmds 2019/12/15 v1.7 Avoid name clashes with e-TeX commands (HO)
)
\Hy@SavedSpaceFactor=\count314
 (C:\Users\julih\AppData\Local\Programs\MiKTeX\tex/latex/hyperref\puenc.def
File: puenc.def 2021-02-27 v7.00k Hyperref: PDF Unicode definition (HO)
Now handling font encoding PU ...
... no UTF-8 mapping file for font encoding PU
)
Package hyperref Info: Hyper figures OFF on input line 4192.
Package hyperref Info: Link nesting OFF on input line 4197.
Package hyperref Info: Hyper index ON on input line 4200.
Package hyperref Info: Plain pages OFF on input line 4207.
Package hyperref Info: Backreferencing OFF on input line 4212.
Package hyperref Info: Implicit mode ON; LaTeX internals redefined.
Package hyperref Info: Bookmarks ON on input line 4445.
\c@Hy@tempcnt=\count315

(C:\Users\julih\AppData\Local\Programs\MiKTeX\tex/latex/url\url.sty
\Urlmuskip=\muskip17
Package: url 2013/09/16  ver 3.4  Verb mode for urls, etc.
)
LaTeX Info: Redefining \url on input line 4804.
\XeTeXLinkMargin=\dimen192

(C:\Users\julih\AppData\Local\Programs\MiKTeX\tex/generic/bitset\bitset.sty
Package: bitset 2019/12/09 v1.3 Handle bit-vector datatype (HO)

(C:\Users\julih\AppData\Local\Programs\MiKTeX\tex/generic/bigintcalc\bigintcalc
.sty
Package: bigintcalc 2019/12/15 v1.5 Expandable calculations on big integers (HO
)
))
\Fld@menulength=\count316
\Field@Width=\dimen193
\Fld@charsize=\dimen194
Package hyperref Info: Hyper figures OFF on input line 6075.
Package hyperref Info: Link nesting OFF on input line 6080.
Package hyperref Info: Hyper index ON on input line 6083.
Package hyperref Info: backreferencing OFF on input line 6090.
Package hyperref Info: Link coloring OFF on input line 6095.
Package hyperref Info: Link coloring with OCG OFF on input line 6100.
Package hyperref Info: PDF/A mode OFF on input line 6105.
LaTeX Info: Redefining \ref on input line 6145.
LaTeX Info: Redefining \pageref on input line 6149.

(C:\Users\julih\AppData\Local\Programs\MiKTeX\tex/latex/base\atbegshi-ltx.sty
Package: atbegshi-ltx 2020/08/17 v1.0a Emulation of the original atbegshi packa
ge
with kernel methods
)
\Hy@abspage=\count317
\c@Item=\count318
\c@Hfootnote=\count319
)
Package hyperref Info: Driver (autodetected): hpdftex.
(C:\Users\julih\AppData\Local\Programs\MiKTeX\tex/latex/hyperref\hpdftex.def
File: hpdftex.def 2021-02-27 v7.00k Hyperref driver for pdfTeX

(C:\Users\julih\AppData\Local\Programs\MiKTeX\tex/latex/base\atveryend-ltx.sty
Package: atveryend-ltx 2020/08/19 v1.0a Emulation of the original atvery packag
e
with kernel methods
)
\Fld@listcount=\count320
\c@bookmark@seq@number=\count321

(C:\Users\julih\AppData\Local\Programs\MiKTeX\tex/latex/rerunfilecheck\rerunfil
echeck.sty
Package: rerunfilecheck 2019/12/05 v1.9 Rerun checks for auxiliary files (HO)

(C:\Users\julih\AppData\Local\Programs\MiKTeX\tex/generic/uniquecounter\uniquec
ounter.sty
Package: uniquecounter 2019/12/15 v1.4 Provide unlimited unique counter (HO)
)
Package uniquecounter Info: New unique counter `rerunfilecheck' on input line 2
86.
)
\Hy@SectionHShift=\skip61
)
(C:\Users\julih\AppData\Local\Programs\MiKTeX\tex/latex/natbib\bibentry.sty
Package: bibentry 2007/10/30 1.5 (PWD)
)
(C:\Users\julih\AppData\Local\Programs\MiKTeX\tex/latex/booktabs\booktabs.sty
Package: booktabs 2020/01/12 v1.61803398 Publication quality tables
\heavyrulewidth=\dimen195
\lightrulewidth=\dimen196
\cmidrulewidth=\dimen197
\belowrulesep=\dimen198
\belowbottomsep=\dimen199
\aboverulesep=\dimen256
\abovetopsep=\dimen257
\cmidrulesep=\dimen258
\cmidrulekern=\dimen259
\defaultaddspace=\dimen260
\@cmidla=\count322
\@cmidlb=\count323
\@aboverulesep=\dimen261
\@belowrulesep=\dimen262
\@thisruleclass=\count324
\@lastruleclass=\count325
\@thisrulewidth=\dimen263
)
(C:\Users\julih\AppData\Local\Programs\MiKTeX\tex/latex/xcolor\xcolor.sty
Package: xcolor 2016/05/11 v2.12 LaTeX color extensions (UK)

(C:\Users\julih\AppData\Local\Programs\MiKTeX\tex/latex/graphics-cfg\color.cfg
File: color.cfg 2016/01/02 v1.6 sample color configuration
)
Package xcolor Info: Driver file: pdftex.def on input line 225.
Package xcolor Info: Model `cmy' substituted by `cmy0' on input line 1348.
Package xcolor Info: Model `hsb' substituted by `rgb' on input line 1352.
Package xcolor Info: Model `RGB' extended on input line 1364.
Package xcolor Info: Model `HTML' substituted by `rgb' on input line 1366.
Package xcolor Info: Model `Hsb' substituted by `hsb' on input line 1367.
Package xcolor Info: Model `tHsb' substituted by `hsb' on input line 1368.
Package xcolor Info: Model `HSB' substituted by `hsb' on input line 1369.
Package xcolor Info: Model `Gray' substituted by `gray' on input line 1370.
Package xcolor Info: Model `wave' substituted by `hsb' on input line 1371.
)
(C:\Users\julih\AppData\Local\Programs\MiKTeX\tex/latex/pgf/frontendlayer\tikz.
sty
(C:\Users\julih\AppData\Local\Programs\MiKTeX\tex/latex/pgf/basiclayer\pgf.sty
(C:\Users\julih\AppData\Local\Programs\MiKTeX\tex/latex/pgf/utilities\pgfrcs.st
y
(C:\Users\julih\AppData\Local\Programs\MiKTeX\tex/generic/pgf/utilities\pgfutil
-common.tex
\pgfutil@everybye=\toks27
\pgfutil@tempdima=\dimen264
\pgfutil@tempdimb=\dimen265

(C:\Users\julih\AppData\Local\Programs\MiKTeX\tex/generic/pgf/utilities\pgfutil
-common-lists.tex))
(C:\Users\julih\AppData\Local\Programs\MiKTeX\tex/generic/pgf/utilities\pgfutil
-latex.def
\pgfutil@abb=\box101
)
(C:\Users\julih\AppData\Local\Programs\MiKTeX\tex/generic/pgf/utilities\pgfrcs.
code.tex
(C:\Users\julih\AppData\Local\Programs\MiKTeX\tex/generic/pgf\pgf.revision.tex)
Package: pgfrcs 2021/05/15 v3.1.9a (3.1.9a)
))
Package: pgf 2021/05/15 v3.1.9a (3.1.9a)

(C:\Users\julih\AppData\Local\Programs\MiKTeX\tex/latex/pgf/basiclayer\pgfcore.
sty
(C:\Users\julih\AppData\Local\Programs\MiKTeX\tex/latex/pgf/systemlayer\pgfsys.
sty
(C:\Users\julih\AppData\Local\Programs\MiKTeX\tex/generic/pgf/systemlayer\pgfsy
s.code.tex
Package: pgfsys 2021/05/15 v3.1.9a (3.1.9a)

(C:\Users\julih\AppData\Local\Programs\MiKTeX\tex/generic/pgf/utilities\pgfkeys
.code.tex
\pgfkeys@pathtoks=\toks28
\pgfkeys@temptoks=\toks29

(C:\Users\julih\AppData\Local\Programs\MiKTeX\tex/generic/pgf/utilities\pgfkeys
filtered.code.tex
\pgfkeys@tmptoks=\toks30
))
\pgf@x=\dimen266
\pgf@y=\dimen267
\pgf@xa=\dimen268
\pgf@ya=\dimen269
\pgf@xb=\dimen270
\pgf@yb=\dimen271
\pgf@xc=\dimen272
\pgf@yc=\dimen273
\pgf@xd=\dimen274
\pgf@yd=\dimen275
\w@pgf@writea=\write5
\r@pgf@reada=\read4
\c@pgf@counta=\count326
\c@pgf@countb=\count327
\c@pgf@countc=\count328
\c@pgf@countd=\count329
\t@pgf@toka=\toks31
\t@pgf@tokb=\toks32
\t@pgf@tokc=\toks33
\pgf@sys@id@count=\count330

(C:\Users\julih\AppData\Local\Programs\MiKTeX\tex/generic/pgf/systemlayer\pgf.c
fg
File: pgf.cfg 2021/05/15 v3.1.9a (3.1.9a)
)
Driver file for pgf: pgfsys-pdftex.def

(C:\Users\julih\AppData\Local\Programs\MiKTeX\tex/generic/pgf/systemlayer\pgfsy
s-pdftex.def
File: pgfsys-pdftex.def 2021/05/15 v3.1.9a (3.1.9a)

(C:\Users\julih\AppData\Local\Programs\MiKTeX\tex/generic/pgf/systemlayer\pgfsy
s-common-pdf.def
File: pgfsys-common-pdf.def 2021/05/15 v3.1.9a (3.1.9a)
)))
(C:\Users\julih\AppData\Local\Programs\MiKTeX\tex/generic/pgf/systemlayer\pgfsy
ssoftpath.code.tex
File: pgfsyssoftpath.code.tex 2021/05/15 v3.1.9a (3.1.9a)
\pgfsyssoftpath@smallbuffer@items=\count331
\pgfsyssoftpath@bigbuffer@items=\count332
)
(C:\Users\julih\AppData\Local\Programs\MiKTeX\tex/generic/pgf/systemlayer\pgfsy
sprotocol.code.tex
File: pgfsysprotocol.code.tex 2021/05/15 v3.1.9a (3.1.9a)
))
(C:\Users\julih\AppData\Local\Programs\MiKTeX\tex/generic/pgf/basiclayer\pgfcor
e.code.tex
Package: pgfcore 2021/05/15 v3.1.9a (3.1.9a)

(C:\Users\julih\AppData\Local\Programs\MiKTeX\tex/generic/pgf/math\pgfmath.code
.tex
(C:\Users\julih\AppData\Local\Programs\MiKTeX\tex/generic/pgf/math\pgfmathcalc.
code.tex
(C:\Users\julih\AppData\Local\Programs\MiKTeX\tex/generic/pgf/math\pgfmathutil.
code.tex)
(C:\Users\julih\AppData\Local\Programs\MiKTeX\tex/generic/pgf/math\pgfmathparse
r.code.tex
\pgfmath@dimen=\dimen276
\pgfmath@count=\count333
\pgfmath@box=\box102
\pgfmath@toks=\toks34
\pgfmath@stack@operand=\toks35
\pgfmath@stack@operation=\toks36
)
(C:\Users\julih\AppData\Local\Programs\MiKTeX\tex/generic/pgf/math\pgfmathfunct
ions.code.tex
(C:\Users\julih\AppData\Local\Programs\MiKTeX\tex/generic/pgf/math\pgfmathfunct
ions.basic.code.tex)
(C:\Users\julih\AppData\Local\Programs\MiKTeX\tex/generic/pgf/math\pgfmathfunct
ions.trigonometric.code.tex)
(C:\Users\julih\AppData\Local\Programs\MiKTeX\tex/generic/pgf/math\pgfmathfunct
ions.random.code.tex)
(C:\Users\julih\AppData\Local\Programs\MiKTeX\tex/generic/pgf/math\pgfmathfunct
ions.comparison.code.tex)
(C:\Users\julih\AppData\Local\Programs\MiKTeX\tex/generic/pgf/math\pgfmathfunct
ions.base.code.tex)
(C:\Users\julih\AppData\Local\Programs\MiKTeX\tex/generic/pgf/math\pgfmathfunct
ions.round.code.tex)
(C:\Users\julih\AppData\Local\Programs\MiKTeX\tex/generic/pgf/math\pgfmathfunct
ions.misc.code.tex)
(C:\Users\julih\AppData\Local\Programs\MiKTeX\tex/generic/pgf/math\pgfmathfunct
ions.integerarithmetics.code.tex)))
(C:\Users\julih\AppData\Local\Programs\MiKTeX\tex/generic/pgf/math\pgfmathfloat
.code.tex
\c@pgfmathroundto@lastzeros=\count334
))
(C:\Users\julih\AppData\Local\Programs\MiKTeX\tex/generic/pgf/math\pgfint.code.
tex)
(C:\Users\julih\AppData\Local\Programs\MiKTeX\tex/generic/pgf/basiclayer\pgfcor
epoints.code.tex
File: pgfcorepoints.code.tex 2021/05/15 v3.1.9a (3.1.9a)
\pgf@picminx=\dimen277
\pgf@picmaxx=\dimen278
\pgf@picminy=\dimen279
\pgf@picmaxy=\dimen280
\pgf@pathminx=\dimen281
\pgf@pathmaxx=\dimen282
\pgf@pathminy=\dimen283
\pgf@pathmaxy=\dimen284
\pgf@xx=\dimen285
\pgf@xy=\dimen286
\pgf@yx=\dimen287
\pgf@yy=\dimen288
\pgf@zx=\dimen289
\pgf@zy=\dimen290
)
(C:\Users\julih\AppData\Local\Programs\MiKTeX\tex/generic/pgf/basiclayer\pgfcor
epathconstruct.code.tex
File: pgfcorepathconstruct.code.tex 2021/05/15 v3.1.9a (3.1.9a)
\pgf@path@lastx=\dimen291
\pgf@path@lasty=\dimen292
)
(C:\Users\julih\AppData\Local\Programs\MiKTeX\tex/generic/pgf/basiclayer\pgfcor
epathusage.code.tex
File: pgfcorepathusage.code.tex 2021/05/15 v3.1.9a (3.1.9a)
\pgf@shorten@end@additional=\dimen293
\pgf@shorten@start@additional=\dimen294
)
(C:\Users\julih\AppData\Local\Programs\MiKTeX\tex/generic/pgf/basiclayer\pgfcor
escopes.code.tex
File: pgfcorescopes.code.tex 2021/05/15 v3.1.9a (3.1.9a)
\pgfpic=\box103
\pgf@hbox=\box104
\pgf@layerbox@main=\box105
\pgf@picture@serial@count=\count335
)
(C:\Users\julih\AppData\Local\Programs\MiKTeX\tex/generic/pgf/basiclayer\pgfcor
egraphicstate.code.tex
File: pgfcoregraphicstate.code.tex 2021/05/15 v3.1.9a (3.1.9a)
\pgflinewidth=\dimen295
)
(C:\Users\julih\AppData\Local\Programs\MiKTeX\tex/generic/pgf/basiclayer\pgfcor
etransformations.code.tex
File: pgfcoretransformations.code.tex 2021/05/15 v3.1.9a (3.1.9a)
\pgf@pt@x=\dimen296
\pgf@pt@y=\dimen297
\pgf@pt@temp=\dimen298
)
(C:\Users\julih\AppData\Local\Programs\MiKTeX\tex/generic/pgf/basiclayer\pgfcor
equick.code.tex
File: pgfcorequick.code.tex 2021/05/15 v3.1.9a (3.1.9a)
)
(C:\Users\julih\AppData\Local\Programs\MiKTeX\tex/generic/pgf/basiclayer\pgfcor
eobjects.code.tex
File: pgfcoreobjects.code.tex 2021/05/15 v3.1.9a (3.1.9a)
)
(C:\Users\julih\AppData\Local\Programs\MiKTeX\tex/generic/pgf/basiclayer\pgfcor
epathprocessing.code.tex
File: pgfcorepathprocessing.code.tex 2021/05/15 v3.1.9a (3.1.9a)
)
(C:\Users\julih\AppData\Local\Programs\MiKTeX\tex/generic/pgf/basiclayer\pgfcor
earrows.code.tex
File: pgfcorearrows.code.tex 2021/05/15 v3.1.9a (3.1.9a)
\pgfarrowsep=\dimen299
)
(C:\Users\julih\AppData\Local\Programs\MiKTeX\tex/generic/pgf/basiclayer\pgfcor
eshade.code.tex
File: pgfcoreshade.code.tex 2021/05/15 v3.1.9a (3.1.9a)
\pgf@max=\dimen300
\pgf@sys@shading@range@num=\count336
\pgf@shadingcount=\count337
)
(C:\Users\julih\AppData\Local\Programs\MiKTeX\tex/generic/pgf/basiclayer\pgfcor
eimage.code.tex
File: pgfcoreimage.code.tex 2021/05/15 v3.1.9a (3.1.9a)

(C:\Users\julih\AppData\Local\Programs\MiKTeX\tex/generic/pgf/basiclayer\pgfcor
eexternal.code.tex
File: pgfcoreexternal.code.tex 2021/05/15 v3.1.9a (3.1.9a)
\pgfexternal@startupbox=\box106
))
(C:\Users\julih\AppData\Local\Programs\MiKTeX\tex/generic/pgf/basiclayer\pgfcor
elayers.code.tex
File: pgfcorelayers.code.tex 2021/05/15 v3.1.9a (3.1.9a)
)
(C:\Users\julih\AppData\Local\Programs\MiKTeX\tex/generic/pgf/basiclayer\pgfcor
etransparency.code.tex
File: pgfcoretransparency.code.tex 2021/05/15 v3.1.9a (3.1.9a)
)
(C:\Users\julih\AppData\Local\Programs\MiKTeX\tex/generic/pgf/basiclayer\pgfcor
epatterns.code.tex
File: pgfcorepatterns.code.tex 2021/05/15 v3.1.9a (3.1.9a)
)
(C:\Users\julih\AppData\Local\Programs\MiKTeX\tex/generic/pgf/basiclayer\pgfcor
erdf.code.tex
File: pgfcorerdf.code.tex 2021/05/15 v3.1.9a (3.1.9a)
)))
(C:\Users\julih\AppData\Local\Programs\MiKTeX\tex/generic/pgf/modules\pgfmodule
shapes.code.tex
File: pgfmoduleshapes.code.tex 2021/05/15 v3.1.9a (3.1.9a)
\pgfnodeparttextbox=\box107
)
(C:\Users\julih\AppData\Local\Programs\MiKTeX\tex/generic/pgf/modules\pgfmodule
plot.code.tex
File: pgfmoduleplot.code.tex 2021/05/15 v3.1.9a (3.1.9a)
)
(C:\Users\julih\AppData\Local\Programs\MiKTeX\tex/latex/pgf/compatibility\pgfco
mp-version-0-65.sty
Package: pgfcomp-version-0-65 2021/05/15 v3.1.9a (3.1.9a)
\pgf@nodesepstart=\dimen301
\pgf@nodesepend=\dimen302
)
(C:\Users\julih\AppData\Local\Programs\MiKTeX\tex/latex/pgf/compatibility\pgfco
mp-version-1-18.sty
Package: pgfcomp-version-1-18 2021/05/15 v3.1.9a (3.1.9a)
))
(C:\Users\julih\AppData\Local\Programs\MiKTeX\tex/latex/pgf/utilities\pgffor.st
y
(C:\Users\julih\AppData\Local\Programs\MiKTeX\tex/latex/pgf/utilities\pgfkeys.s
ty
(C:\Users\julih\AppData\Local\Programs\MiKTeX\tex/generic/pgf/utilities\pgfkeys
.code.tex))
(C:\Users\julih\AppData\Local\Programs\MiKTeX\tex/latex/pgf/math\pgfmath.sty
(C:\Users\julih\AppData\Local\Programs\MiKTeX\tex/generic/pgf/math\pgfmath.code
.tex))
(C:\Users\julih\AppData\Local\Programs\MiKTeX\tex/generic/pgf/utilities\pgffor.
code.tex
Package: pgffor 2021/05/15 v3.1.9a (3.1.9a)

(C:\Users\julih\AppData\Local\Programs\MiKTeX\tex/generic/pgf/math\pgfmath.code
.tex)
\pgffor@iter=\dimen303
\pgffor@skip=\dimen304
\pgffor@stack=\toks37
\pgffor@toks=\toks38
))
(C:\Users\julih\AppData\Local\Programs\MiKTeX\tex/generic/pgf/frontendlayer/tik
z\tikz.code.tex
Package: tikz 2021/05/15 v3.1.9a (3.1.9a)

(C:\Users\julih\AppData\Local\Programs\MiKTeX\tex/generic/pgf/libraries\pgflibr
aryplothandlers.code.tex
File: pgflibraryplothandlers.code.tex 2021/05/15 v3.1.9a (3.1.9a)
\pgf@plot@mark@count=\count338
\pgfplotmarksize=\dimen305
)
\tikz@lastx=\dimen306
\tikz@lasty=\dimen307
\tikz@lastxsaved=\dimen308
\tikz@lastysaved=\dimen309
\tikz@lastmovetox=\dimen310
\tikz@lastmovetoy=\dimen311
\tikzleveldistance=\dimen312
\tikzsiblingdistance=\dimen313
\tikz@figbox=\box108
\tikz@figbox@bg=\box109
\tikz@tempbox=\box110
\tikz@tempbox@bg=\box111
\tikztreelevel=\count339
\tikznumberofchildren=\count340
\tikznumberofcurrentchild=\count341
\tikz@fig@count=\count342

(C:\Users\julih\AppData\Local\Programs\MiKTeX\tex/generic/pgf/modules\pgfmodule
matrix.code.tex
File: pgfmodulematrix.code.tex 2021/05/15 v3.1.9a (3.1.9a)
\pgfmatrixcurrentrow=\count343
\pgfmatrixcurrentcolumn=\count344
\pgf@matrix@numberofcolumns=\count345
)
\tikz@expandcount=\count346

(C:\Users\julih\AppData\Local\Programs\MiKTeX\tex/generic/pgf/frontendlayer/tik
z/libraries\tikzlibrarytopaths.code.tex
File: tikzlibrarytopaths.code.tex 2021/05/15 v3.1.9a (3.1.9a)
)))
(C:\Users\julih\AppData\Local\Programs\MiKTeX\tex/generic/pgf/frontendlayer/tik
z/libraries\tikzlibrarymatrix.code.tex
File: tikzlibrarymatrix.code.tex 2021/05/15 v3.1.9a (3.1.9a)
)
(C:\Users\julih\AppData\Local\Programs\MiKTeX\tex/generic/pgf/frontendlayer/tik
z/libraries\tikzlibraryarrows.code.tex
File: tikzlibraryarrows.code.tex 2021/05/15 v3.1.9a (3.1.9a)

(C:\Users\julih\AppData\Local\Programs\MiKTeX\tex/generic/pgf/libraries\pgflibr
aryarrows.code.tex
File: pgflibraryarrows.code.tex 2021/05/15 v3.1.9a (3.1.9a)
\arrowsize=\dimen314
))
(C:\Users\julih\AppData\Local\Programs\MiKTeX\tex/generic/pgf/frontendlayer/tik
z/libraries\tikzlibrarydecorations.pathmorphing.code.tex
(C:\Users\julih\AppData\Local\Programs\MiKTeX\tex/generic/pgf/frontendlayer/tik
z/libraries\tikzlibrarydecorations.code.tex
(C:\Users\julih\AppData\Local\Programs\MiKTeX\tex/generic/pgf/modules\pgfmodule
decorations.code.tex
\pgfdecoratedcompleteddistance=\dimen315
\pgfdecoratedremainingdistance=\dimen316
\pgfdecoratedinputsegmentcompleteddistance=\dimen317
\pgfdecoratedinputsegmentremainingdistance=\dimen318
\pgf@decorate@distancetomove=\dimen319
\pgf@decorate@repeatstate=\count347
\pgfdecorationsegmentamplitude=\dimen320
\pgfdecorationsegmentlength=\dimen321
)
\tikz@lib@dec@box=\box112
)
(C:\Users\julih\AppData\Local\Programs\MiKTeX\tex/generic/pgf/libraries/decorat
ions\pgflibrarydecorations.pathmorphing.code.tex)))
(C:\Users\julih\AppData\Local\Programs\MiKTeX\tex/latex/amscls\amsthm.sty
Package: amsthm 2020/05/29 v2.20.6
\thm@style=\toks39
\thm@bodyfont=\toks40
\thm@headfont=\toks41
\thm@notefont=\toks42
\thm@headpunct=\toks43
\thm@preskip=\skip62
\thm@postskip=\skip63
\thm@headsep=\skip64
\dth@everypar=\toks44
LaTeX Info: Redefining \qed on input line 273.


! LaTeX Error: Command \proof already defined.
               Or name \end... illegal, see p.192 of the manual.

See the LaTeX manual or LaTeX Companion for explanation.
Type  H <return>  for immediate help.
 ...                                              
                                                  
l.440 }
       
Your command was ignored.
Type  I <command> <return>  to replace it with another command,
or  <return>  to continue without it.

) (_comandos.tex) (_entornos.tex
\c@thm=\count348
\c@prop=\count349
\c@lem=\count350
\c@cor=\count351
\c@alg=\count352
\c@ans=\count353
\c@defn=\count354
\c@problema=\count355
\c@axiom=\count356
\c@rem=\count357
\c@ilu=\count358
) (_md_comandos.tex) (_md_entornos.tex
\c@conj=\count359
\c@tdv=\count360
\c@claim=\count361
)
\c@case=\count362

(_trig_comandos.tex) (_pe_comandos.tex)
Chapter 1.

! LaTeX Error: Missing \begin{document}.

See the LaTeX manual or LaTeX Companion for explanation.
Type  H <return>  for immediate help.
 ...                                              
                                                  
l.21 \title{Optimizacion y combinatoria}
                                        
You're in trouble here.  Try typing  <return>  to proceed.
If that doesn't work, type  X <return>  to quit.


Overfull \hbox (127.75046pt too wide) in paragraph at lines 21--21
[]\chaptertitlefont OPTIMIZACION 
 []


Overfull \hbox (12.00005pt too wide) in paragraph at lines 21--21
\chaptertitlefont Y 
 []


Overfull \hbox (134.8755pt too wide) in paragraph at lines 21--21
\chaptertitlefont COM-BI-NA-TO-RIA 
 []

LaTeX Font Info:    Trying to load font information for OT1+lmr on input line 2
1.
(C:\Users\julih\AppData\Local\Programs\MiKTeX\tex/latex/lm\ot1lmr.fd
File: ot1lmr.fd 2009/10/30 v1.6 Font defs for Latin Modern
)
LaTeX Font Info:    Trying to load font information for OML+lmm on input line 2
1.

(C:\Users\julih\AppData\Local\Programs\MiKTeX\tex/latex/lm\omllmm.fd
File: omllmm.fd 2009/10/30 v1.6 Font defs for Latin Modern
)
LaTeX Font Info:    Trying to load font information for OMS+lmsy on input line 
21.

(C:\Users\julih\AppData\Local\Programs\MiKTeX\tex/latex/lm\omslmsy.fd
File: omslmsy.fd 2009/10/30 v1.6 Font defs for Latin Modern
)
LaTeX Font Info:    Trying to load font information for OMX+lmex on input line 
21.

(C:\Users\julih\AppData\Local\Programs\MiKTeX\tex/latex/lm\omxlmex.fd
File: omxlmex.fd 2009/10/30 v1.6 Font defs for Latin Modern
)
LaTeX Font Info:    External font `lmex10' loaded for size
(Font)              <14.4> on input line 21.
LaTeX Font Info:    External font `lmex10' loaded for size
(Font)              <10> on input line 21.
LaTeX Font Info:    External font `lmex10' loaded for size
(Font)              <7> on input line 21.
LaTeX Font Info:    Trying to load font information for U+msa on input line 21.


(C:\Users\julih\AppData\Local\Programs\MiKTeX\tex/latex/amsfonts\umsa.fd
File: umsa.fd 2013/01/14 v3.01 AMS symbols A
)
LaTeX Font Info:    Trying to load font information for U+msb on input line 21.


(C:\Users\julih\AppData\Local\Programs\MiKTeX\tex/latex/amsfonts\umsb.fd
File: umsb.fd 2013/01/14 v3.01 AMS symbols B
)
LaTeX Font Info:    Trying to load font information for U+rsfs on input line 21
.

(C:\Users\julih\AppData\Local\Programs\MiKTeX\tex/latex/jknappen\ursfs.fd
File: ursfs.fd 1998/03/24 rsfs font definition file (jk)
)
Overfull \hbox (19.91669pt too wide) in paragraph at lines 22--23
[]\tocfonts J.
 []


Overfull \hbox (19.50002pt too wide) in paragraph at lines 22--23
\tocfonts Cas-
 []


Overfull \hbox (10.00002pt too wide) in paragraph at lines 22--23
\tocfonts ti-
 []


Overfull \hbox (40.139pt too wide) in paragraph at lines 22--23
\tocfonts llo]Juliho
 []


Overfull \hbox (19.50002pt too wide) in paragraph at lines 22--23
\tocfonts Cas-
 []


Overfull \hbox (10.00002pt too wide) in paragraph at lines 22--23
\tocfonts ti-
 []


Overfull \hbox (10.55559pt too wide) in paragraph at lines 22--23
\tocfonts llo
 []


Overfull \hbox (18.33336pt too wide) in paragraph at lines 22--23
\tocfonts Col-
 []


Overfull \hbox (16.11113pt too wide) in paragraph at lines 22--23
\tocfonts me-
 []


Overfull \hbox (13.88892pt too wide) in paragraph at lines 22--23
\tocfonts na-
 []


Overfull \hbox (12.30556pt too wide) in paragraph at lines 22--23
\tocfonts res 
 []


(C:\Users\julih\AppData\Local\Programs\MiKTeX\tex/latex/l3backend\l3backend-pdf
tex.def
File: l3backend-pdftex.def 2021-05-07 L3 backend support: PDF output (pdfTeX)
\l__color_backend_stack_int=\count363
\l__pdf_internal_box=\box113
) (__draft__.aux
LaTeX Info: Redefining \. on input line 23.
LaTeX Info: Redefining \% on input line 23.


LaTeX Warning: Label `lip:exmp:2.13.b' multiply defined.

)
\openout1 = `__draft__.aux'.

LaTeX Font Info:    Checking defaults for OML/cmm/m/it on input line 24.
LaTeX Font Info:    ... okay on input line 24.
LaTeX Font Info:    Checking defaults for OMS/cmsy/m/n on input line 24.
LaTeX Font Info:    ... okay on input line 24.
LaTeX Font Info:    Checking defaults for OT1/cmr/m/n on input line 24.
LaTeX Font Info:    ... okay on input line 24.
LaTeX Font Info:    Checking defaults for T1/cmr/m/n on input line 24.
LaTeX Font Info:    ... okay on input line 24.
LaTeX Font Info:    Checking defaults for TS1/cmr/m/n on input line 24.
LaTeX Font Info:    ... okay on input line 24.
LaTeX Font Info:    Checking defaults for OMX/cmex/m/n on input line 24.
LaTeX Font Info:    ... okay on input line 24.
LaTeX Font Info:    Checking defaults for U/cmr/m/n on input line 24.
LaTeX Font Info:    ... okay on input line 24.
LaTeX Font Info:    Checking defaults for LY/yfrak/m/n on input line 24.
LaTeX Font Info:    ... okay on input line 24.
LaTeX Font Info:    Checking defaults for LYG/ygoth/m/n on input line 24.
LaTeX Font Info:    ... okay on input line 24.
LaTeX Font Info:    Checking defaults for PD1/pdf/m/n on input line 24.
LaTeX Font Info:    ... okay on input line 24.
LaTeX Font Info:    Checking defaults for PU/pdf/m/n on input line 24.
LaTeX Font Info:    ... okay on input line 24.

(C:\Users\julih\AppData\Local\Programs\MiKTeX\tex/context/base/mkii\supp-pdf.mk
ii
[Loading MPS to PDF converter (version 2006.09.02).]
\scratchcounter=\count364
\scratchdimen=\dimen322
\scratchbox=\box114
\nofMPsegments=\count365
\nofMParguments=\count366
\everyMPshowfont=\toks45
\MPscratchCnt=\count367
\MPscratchDim=\dimen323
\MPnumerator=\count368
\makeMPintoPDFobject=\count369
\everyMPtoPDFconversion=\toks46
)
(C:\Users\julih\AppData\Local\Programs\MiKTeX\tex/latex/epstopdf-pkg\epstopdf-b
ase.sty
Package: epstopdf-base 2020-01-24 v2.11 Base part for package epstopdf
Package epstopdf-base Info: Redefining graphics rule for `.eps' on input line 4
85.

(C:\Users\julih\AppData\Local\Programs\MiKTeX\tex/latex/00miktex\epstopdf-sys.c
fg
File: epstopdf-sys.cfg 2021/03/18 v2.0 Configuration of epstopdf for MiKTeX
))
LaTeX Info: Redefining \. on input line 24.
LaTeX Info: Redefining \% on input line 24.


Package hyperref Warning: Height of page (\paperheight) is invalid (0.0pt),
(hyperref)                using 11in.

Package hyperref Info: Link coloring OFF on input line 24.
(C:\Users\julih\AppData\Local\Programs\MiKTeX\tex/latex/hyperref\nameref.sty
Package: nameref 2021-04-02 v2.47 Cross-referencing by name of section

(C:\Users\julih\AppData\Local\Programs\MiKTeX\tex/latex/refcount\refcount.sty
Package: refcount 2019/12/15 v3.6 Data extraction from label references (HO)
)
(C:\Users\julih\AppData\Local\Programs\MiKTeX\tex/generic/gettitlestring\gettit
lestring.sty
Package: gettitlestring 2019/12/15 v1.6 Cleanup title references (HO)
)
\c@section@level=\count370
)
LaTeX Info: Redefining \ref on input line 24.
LaTeX Info: Redefining \pageref on input line 24.
LaTeX Info: Redefining \nameref on input line 24.
 (__draft__.out) (__draft__.out)
\@outlinefile=\write6
\openout6 = `__draft__.out'.


! Undefined control sequence.
\reserved@c ->\HyOrg@maketitle 
                               \Hy@maketitle@end 
l.26 	\tableofcontents
                      
The control sequence at the end of the top line
of your error message was never \def'ed. If you have
misspelled it (e.g., `\hobx'), type `I' and the correct
spelling (e.g., `I\hbox'). Otherwise just continue,
and I'll forget about whatever was undefined.



 !! Please enter {\offprintinfo{(Title, Edition)}{(Author)}
 at the beginning of your document.!!

}
LaTeX Font Info:    Trying to load font information for OT1+lmtt on input line 
26.
(C:\Users\julih\AppData\Local\Programs\MiKTeX\tex/latex/lm\ot1lmtt.fd
File: ot1lmtt.fd 2009/10/30 v1.6 Font defs for Latin Modern
) [1

{C:/Users/julih/AppData/Local/MiKTeX/pdftex/config/pdftex.map}] [2

] (__draft__.toc
LaTeX Info: Redefining \. on input line 2.
LaTeX Info: Redefining \% on input line 2.
LaTeX Font Info:    External font `lmex10' loaded for size
(Font)              <5> on input line 8.

[3]
Underfull \vbox (badness 10000) has occurred while \output is active []

LaTeX Info: Redefining \. on input line 57.
LaTeX Info: Redefining \% on input line 57.

Underfull \hbox (badness 10000) has occurred while \output is active
[]
 []

[4])
\tf@toc=\write7
\openout7 = `__draft__.toc'.

LaTeX Info: Redefining \. on input line 26.
LaTeX Info: Redefining \% on input line 26.

Underfull \hbox (badness 10000) has occurred while \output is active
[]
 []

[5] [6

]

! Package inputenc Error: Invalid UTF-8 byte sequence.

See the inputenc package documentation for explanation.
Type  H <return>  for immediate help.
 ...                                              
                                                  
l.28 \chapter{Matemáticas Discretas}
                                     
The document does not appear to be in UTF-8 encoding.
Try adding \UseRawInputEncoding as the first line of the file
or specify an encoding such as \usepackage [latin1]{inputenc}
in the document preamble.
Alternatively, save the file in UTF-8 using your editor or another tool

Cap\'{\i }tulo 2.
(md_01_logica.tex
Overfull \vbox (5.94444pt too high) has occurred while \output is active []


Overfull \vbox (5.94444pt too high) has occurred while \output is active []




 !! Please enter {\offprintinfo{(Title, Edition)}{(Author)}
 at the beginning of your document.!!

}
[7]
LaTeX Font Info:    External font `lmex10' loaded for size
(Font)              <12> on input line 55.
LaTeX Font Info:    External font `lmex10' loaded for size
(Font)              <8> on input line 55.
LaTeX Font Info:    External font `lmex10' loaded for size
(Font)              <6> on input line 55.


Package hyperref Warning: Token not allowed in a PDF string (Unicode):
(hyperref)                removing `math shift' on input line 55.


Package hyperref Warning: Token not allowed in a PDF string (Unicode):
(hyperref)                removing `\wedge' on input line 55.


Package hyperref Warning: Token not allowed in a PDF string (Unicode):
(hyperref)                removing `math shift' on input line 55.

LaTeX Font Info:    External font `lmex10' loaded for size
(Font)              <9> on input line 81.

Package hyperref Warning: Token not allowed in a PDF string (Unicode):
(hyperref)                removing `math shift' on input line 107.


Package hyperref Warning: Token not allowed in a PDF string (Unicode):
(hyperref)                removing `\vee' on input line 107.


Package hyperref Warning: Token not allowed in a PDF string (Unicode):
(hyperref)                removing `math shift' on input line 107.

LaTeX Info: Redefining \. on input line 115.
LaTeX Info: Redefining \% on input line 115.

Underfull \hbox (badness 10000) has occurred while \output is active
[]
 []

[8]

Package hyperref Warning: Token not allowed in a PDF string (Unicode):
(hyperref)                removing `math shift' on input line 144.


Package hyperref Warning: Token not allowed in a PDF string (Unicode):
(hyperref)                removing `\neg' on input line 144.


Package hyperref Warning: Token not allowed in a PDF string (Unicode):
(hyperref)                removing `math shift' on input line 144.

LaTeX Info: Redefining \. on input line 181.
LaTeX Info: Redefining \% on input line 181.

Underfull \hbox (badness 10000) has occurred while \output is active
[]
 []

[9]
LaTeX Info: Redefining \. on input line 244.
LaTeX Info: Redefining \% on input line 244.

Underfull \hbox (badness 10000) has occurred while \output is active
[]
 []

[10]
<md/tabla_4-1.png, id=495, 782.17218pt x 276.28218pt>
File: md/tabla_4-1.png Graphic file (type png)
<use md/tabla_4-1.png>
Package pdftex.def Info: md/tabla_4-1.png  used on input line 306.
(pdftex.def)             Requested size: 336.0pt x 118.68518pt.
LaTeX Info: Redefining \. on input line 345.
LaTeX Info: Redefining \% on input line 345.

Underfull \hbox (badness 10000) has occurred while \output is active
[]
 []

[11]
LaTeX Info: Redefining \. on input line 392.
LaTeX Info: Redefining \% on input line 392.

Underfull \hbox (badness 10000) has occurred while \output is active
[]
 []

[12 <./md/tabla_4-1.png>]
<md/tabla_silogismo.png, id=521, 914.66719pt x 377.15906pt>
File: md/tabla_silogismo.png Graphic file (type png)
<use md/tabla_silogismo.png>
Package pdftex.def Info: md/tabla_silogismo.png  used on input line 451.
(pdftex.def)             Requested size: 235.19897pt x 96.98286pt.
LaTeX Info: Redefining \. on input line 482.
LaTeX Info: Redefining \% on input line 482.

Underfull \hbox (badness 10000) has occurred while \output is active
[]
 []

[13]
LaTeX Info: Redefining \. on input line 531.
LaTeX Info: Redefining \% on input line 531.

Underfull \hbox (badness 10000) has occurred while \output is active
[]
 []

[14 <./md/tabla_silogismo.png>]
LaTeX Info: Redefining \. on input line 604.
LaTeX Info: Redefining \% on input line 604.

Underfull \hbox (badness 10000) has occurred while \output is active
[]
 []

[15]
LaTeX Info: Redefining \. on input line 700.
LaTeX Info: Redefining \% on input line 700.

Underfull \hbox (badness 10000) has occurred while \output is active
[]
 []

[16]
LaTeX Info: Redefining \. on input line 792.
LaTeX Info: Redefining \% on input line 792.

Underfull \hbox (badness 10000) has occurred while \output is active
[]
 []

[17]
Overfull \hbox (42.96092pt too wide) in paragraph at lines 849--854
 [] 
 []

LaTeX Info: Redefining \. on input line 883.
LaTeX Info: Redefining \% on input line 883.

Underfull \hbox (badness 10000) has occurred while \output is active
[]
 []

[18]
LaTeX Font Info:    Font shape `OT1/lmtt/bx/n' in size <10> not available
(Font)              Font shape `OT1/lmtt/b/n' tried instead on input line 930.
) (md_02_conjuntos.tex
LaTeX Info: Redefining \. on input line 13.
LaTeX Info: Redefining \% on input line 13.

Underfull \hbox (badness 10000) has occurred while \output is active
[]
 []

[19]
LaTeX Info: Redefining \. on input line 84.
LaTeX Info: Redefining \% on input line 84.

Underfull \hbox (badness 10000) has occurred while \output is active
[]
 []

[20]
LaTeX Info: Redefining \. on input line 160.
LaTeX Info: Redefining \% on input line 160.

Underfull \hbox (badness 10000) has occurred while \output is active
[]
 []

[21]
<./md/venn01.png, id=648, 938.00438pt x 205.5178pt>
File: ./md/venn01.png Graphic file (type png)
<use ./md/venn01.png>
Package pdftex.def Info: ./md/venn01.png  used on input line 203.
(pdftex.def)             Requested size: 312.9803pt x 68.5737pt.
LaTeX Info: Redefining \. on input line 223.
LaTeX Info: Redefining \% on input line 223.

Underfull \hbox (badness 10000) has occurred while \output is active
[]
 []

[22 <./md/venn01.png>]
<./md/venn_union_interseccion.png, id=656, 929.72343pt x 306.39468pt>
File: ./md/venn_union_interseccion.png Graphic file (type png)
<use ./md/venn_union_interseccion.png>
Package pdftex.def Info: ./md/venn_union_interseccion.png  used on input line 2
36.
(pdftex.def)             Requested size: 284.52756pt x 93.76581pt.
LaTeX Info: Redefining \. on input line 294.
LaTeX Info: Redefining \% on input line 294.

Underfull \hbox (badness 10000) has occurred while \output is active
[]
 []

[23 <./md/venn_union_interseccion.png>]
<./md/venn_complemento.png, id=674, 950.80219pt x 211.54031pt>
File: ./md/venn_complemento.png Graphic file (type png)
<use ./md/venn_complemento.png>
Package pdftex.def Info: ./md/venn_complemento.png  used on input line 340.
(pdftex.def)             Requested size: 284.52756pt x 63.30441pt.
LaTeX Info: Redefining \. on input line 372.
LaTeX Info: Redefining \% on input line 372.

Underfull \hbox (badness 10000) has occurred while \output is active
[]
 []

[24 <./md/venn_complemento.png>]
<./md/sistema_fundamental.png, id=683, 811.53188pt x 341.77687pt>
File: ./md/sistema_fundamental.png Graphic file (type png)
<use ./md/sistema_fundamental.png>
Package pdftex.def Info: ./md/sistema_fundamental.png  used on input line 425.
(pdftex.def)             Requested size: 284.52756pt x 119.83229pt.
<./md/leyes_conjuntos.png, id=684, 764.10469pt x 243.15843pt>
File: ./md/leyes_conjuntos.png Graphic file (type png)
<use ./md/leyes_conjuntos.png>
Package pdftex.def Info: ./md/leyes_conjuntos.png  used on input line 442.
(pdftex.def)             Requested size: 312.9803pt x 99.59912pt.
LaTeX Info: Redefining \. on input line 461.
LaTeX Info: Redefining \% on input line 461.

Underfull \hbox (badness 10000) has occurred while \output is active
[]
 []

[25]
LaTeX Info: Redefining \. on input line 485.
LaTeX Info: Redefining \% on input line 485.

Underfull \hbox (badness 10000) has occurred while \output is active
[]
 []

[26 <./md/sistema_fundamental.png> <./md/leyes_conjuntos.png>])
(md_03_funciones.tex
LaTeX Info: Redefining \. on input line 12.
LaTeX Info: Redefining \% on input line 12.

Underfull \hbox (badness 10000) has occurred while \output is active
[]
 []

[27]
LaTeX Info: Redefining \. on input line 74.
LaTeX Info: Redefining \% on input line 74.

Underfull \hbox (badness 10000) has occurred while \output is active
[]
 []

[28]
LaTeX Info: Redefining \. on input line 128.
LaTeX Info: Redefining \% on input line 128.

Underfull \hbox (badness 10000) has occurred while \output is active
[]
 []

[29]
LaTeX Info: Redefining \. on input line 191.
LaTeX Info: Redefining \% on input line 191.

Underfull \hbox (badness 10000) has occurred while \output is active
[]
 []

[30]
LaTeX Info: Redefining \. on input line 274.
LaTeX Info: Redefining \% on input line 274.

Underfull \hbox (badness 10000) has occurred while \output is active
[]
 []

[31]
LaTeX Info: Redefining \. on input line 345.
LaTeX Info: Redefining \% on input line 345.

Underfull \hbox (badness 10000) has occurred while \output is active
[]
 []

[32]
Overfull \hbox (10.6277pt too wide) in paragraph at lines 400--402
[][]\OT1/lmr/bx/n/10 Problema 59. []\OT1/lmr/m/n/10 De-mues-tre por in-duc-cio
n que $1[] + 2[] + \OML/lmm/m/it/10 ::: \OT1/lmr/m/n/10 + \OML/lmm/m/it/10 n[] 
\OT1/lmr/m/n/10 = []$ 
 []


Overfull \hbox (23.85349pt too wide) in paragraph at lines 407--409
[][]\OT1/lmr/bx/n/10 Problema 60. []\OT1/lmr/m/n/10 De-mues-tre por in-duc-cio
n que $[] + [] + \OML/lmm/m/it/10 ::: \OT1/lmr/m/n/10 + [] =
 []


Overfull \hbox (23.85349pt too wide) in paragraph at lines 414--416
[][]\OT1/lmr/bx/n/10 Problema 61. []\OT1/lmr/m/n/10 De-mues-tre por in-duc-cio
n que $[] + [] + \OML/lmm/m/it/10 ::: \OT1/lmr/m/n/10 + [] =
 []

LaTeX Info: Redefining \. on input line 443.
LaTeX Info: Redefining \% on input line 443.

Underfull \hbox (badness 10000) has occurred while \output is active
[]
 []

[33]) (md_04_relaciones.tex
LaTeX Info: Redefining \. on input line 75.
LaTeX Info: Redefining \% on input line 75.

Underfull \hbox (badness 10000) has occurred while \output is active
[]
 []

[34]
LaTeX Font Info:    Trying to load font information for U+euf on input line 149
.
 (C:\Users\julih\AppData\Local\Programs\MiKTeX\tex/latex/amsfonts\ueuf.fd
File: ueuf.fd 2013/01/14 v3.01 Euler Fraktur
)
LaTeX Info: Redefining \. on input line 157.
LaTeX Info: Redefining \% on input line 157.

Underfull \hbox (badness 10000) has occurred while \output is active
[]
 []

[35]
Overfull \hbox (7.95674pt too wide) in paragraph at lines 173--174
[]\OT1/lmr/m/n/10 La pro-pia in-clu-sion $\OMS/lmsy/m/n/10 $ \OT1/lmr/m/n/10 
es una re-la-cion en una co-lec-cion de con-jun-tos $\OML/lmm/m/it/10 A[]; ::
:; A[]:$ 
 []

LaTeX Info: Redefining \. on input line 236.
LaTeX Info: Redefining \% on input line 236.

Underfull \hbox (badness 10000) has occurred while \output is active
[]
 []

[36]
LaTeX Info: Redefining \. on input line 312.
LaTeX Info: Redefining \% on input line 312.

Underfull \hbox (badness 10000) has occurred while \output is active
[]
 []

[37]
LaTeX Info: Redefining \. on input line 379.
LaTeX Info: Redefining \% on input line 379.

Underfull \hbox (badness 10000) has occurred while \output is active
[]
 []

[38]
LaTeX Info: Redefining \. on input line 469.
LaTeX Info: Redefining \% on input line 469.

Underfull \hbox (badness 10000) has occurred while \output is active
[]
 []

[39]
LaTeX Info: Redefining \. on input line 537.
LaTeX Info: Redefining \% on input line 537.

Underfull \hbox (badness 10000) has occurred while \output is active
[]
 []

[40]
LaTeX Info: Redefining \. on input line 599.
LaTeX Info: Redefining \% on input line 599.

Underfull \hbox (badness 10000) has occurred while \output is active
[]
 []

[41]
LaTeX Info: Redefining \. on input line 673.
LaTeX Info: Redefining \% on input line 673.

Underfull \hbox (badness 10000) has occurred while \output is active
[]
 []

[42]
LaTeX Info: Redefining \. on input line 771.
LaTeX Info: Redefining \% on input line 771.

Underfull \hbox (badness 10000) has occurred while \output is active
[]
 []

[43]
<./md/MD02_IM01.png, id=907, 933.4875pt x 258.21469pt>
File: ./md/MD02_IM01.png Graphic file (type png)
<use ./md/MD02_IM01.png>
Package pdftex.def Info: ./md/MD02_IM01.png  used on input line 846.
(pdftex.def)             Requested size: 284.52756pt x 78.70216pt.


LaTeX Warning: `!h' float specifier changed to `!ht'.

LaTeX Info: Redefining \. on input line 868.
LaTeX Info: Redefining \% on input line 868.

Underfull \hbox (badness 10000) has occurred while \output is active
[]
 []

[44]
<./md/IMG-04_resticcion.png, id=926, 566.5968pt x 421.3341pt>
File: ./md/IMG-04_resticcion.png Graphic file (type png)
<use ./md/IMG-04_resticcion.png>
Package pdftex.def Info: ./md/IMG-04_resticcion.png  used on input line 877.
(pdftex.def)             Requested size: 227.62204pt x 169.26357pt.
LaTeX Info: Redefining \. on input line 899.
LaTeX Info: Redefining \% on input line 899.

Underfull \hbox (badness 10000) has occurred while \output is active
[]
 []

[45 <./md/MD02_IM01.png> <./md/IMG-04_resticcion.png>]
<./md/MD02_sqrt_x-2.png, id=936, 421.575pt x 418.56375pt>
File: ./md/MD02_sqrt_x-2.png Graphic file (type png)
<use ./md/MD02_sqrt_x-2.png>
Package pdftex.def Info: ./md/MD02_sqrt_x-2.png  used on input line 929.
(pdftex.def)             Requested size: 229.25528pt x 227.62204pt.
LaTeX Info: Redefining \. on input line 956.
LaTeX Info: Redefining \% on input line 956.

Underfull \hbox (badness 10000) has occurred while \output is active
[]
 []

[46 <./md/MD02_sqrt_x-2.png>]
<./md/MD02_IM02.png, id=947, 952.30782pt x 295.85532pt>
File: ./md/MD02_IM02.png Graphic file (type png)
<use ./md/MD02_IM02.png>
Package pdftex.def Info: ./md/MD02_IM02.png  used on input line 976.
(pdftex.def)             Requested size: 284.52756pt x 88.39612pt.
LaTeX Info: Redefining \. on input line 1023.
LaTeX Info: Redefining \% on input line 1023.

Underfull \hbox (badness 10000) has occurred while \output is active
[]
 []

[47 <./md/MD02_IM02.png>])
LaTeX Info: Redefining \. on input line 34.
LaTeX Info: Redefining \% on input line 34.

Underfull \hbox (badness 10000) has occurred while \output is active
[]
 []

[48]

! Package inputenc Error: Invalid UTF-8 byte sequence.

See the inputenc package documentation for explanation.
Type  H <return>  for immediate help.
 ...                                              
                                                  
l.34 \chapter{Teoría de gráficos}
                                   
The document does not appear to be in UTF-8 encoding.
Try adding \UseRawInputEncoding as the first line of the file
or specify an encoding such as \usepackage [latin1]{inputenc}
in the document preamble.
Alternatively, save the file in UTF-8 using your editor or another tool


! Package inputenc Error: Invalid UTF-8 byte sequence.

See the inputenc package documentation for explanation.
Type  H <return>  for immediate help.
 ...                                              
                                                  
l.34 \chapter{Teoría de gráficos}
                                   
The document does not appear to be in UTF-8 encoding.
Try adding \UseRawInputEncoding as the first line of the file
or specify an encoding such as \usepackage [latin1]{inputenc}
in the document preamble.
Alternatively, save the file in UTF-8 using your editor or another tool

Cap\'{\i }tulo 3.
(md_05_matrices.tex


 !! Please enter {\offprintinfo{(Title, Edition)}{(Author)}
 at the beginning of your document.!!

}
[49

]
LaTeX Info: Redefining \. on input line 118.
LaTeX Info: Redefining \% on input line 118.

Underfull \hbox (badness 10000) has occurred while \output is active
[]
 []

[50]pdfTeX warning (ext4): destination with the same identifier (name{equation.
3.1.1}) has been already used, duplicate ignored
<to be read again> 
                   \relax 
l.137 	\begin{equation}
                       pdfTeX warning (ext4): destination with the same identif
ier (name{equation.3.1.1}) has been already used, duplicate ignored
<to be read again> 
                   \relax 
l.137 	\begin{equation}
                       pdfTeX warning (ext4): destination with the same identif
ier (name{equation.3.1.1}) has been already used, duplicate ignored
<to be read again> 
                   \relax 
l.137 	\begin{equation}
                       pdfTeX warning (ext4): destination with the same identif
ier (name{equation.3.1.1}) has been already used, duplicate ignored
<to be read again> 
                   \relax 
l.137 	\begin{equation}
                       
Overfull \hbox (0.38663pt too wide) in paragraph at lines 177--178
[][]\OT1/lmr/bx/n/10 Problema 96. []\OT1/lmr/m/n/10 Re-es-cri-ba la si-guien-te
 ecua-cion, uti-li-zan-do el \OT1/lmr/m/it/10 pro-duc-to renglon-
 []

pdfTeX warning (ext4): destination with the same identifier (name{equation.3.1.
1}) has been already used, duplicate ignored
<to be read again> 
                   \relax 
l.186 	\begin{equation}
                       pdfTeX warning (ext4): destination with the same identif
ier (name{equation.3.1.1}) has been already used, duplicate ignored
<to be read again> 
                   \relax 
l.186 	\begin{equation}
                       pdfTeX warning (ext4): destination with the same identif
ier (name{equation.3.1.1}) has been already used, duplicate ignored
<to be read again> 
                   \relax 
l.186 	\begin{equation}
                       pdfTeX warning (ext4): destination with the same identif
ier (name{equation.3.1.1}) has been already used, duplicate ignored
<to be read again> 
                   \relax 
l.186 	\begin{equation}
                       
LaTeX Info: Redefining \. on input line 206.
LaTeX Info: Redefining \% on input line 206.

Underfull \hbox (badness 10000) has occurred while \output is active
[]
 []

[51]
LaTeX Info: Redefining \. on input line 279.
LaTeX Info: Redefining \% on input line 279.

Underfull \hbox (badness 10000) has occurred while \output is active
[]
 []

[52]) (md_06_grafos.tex
LaTeX Info: Redefining \. on input line 14.
LaTeX Info: Redefining \% on input line 14.

Underfull \hbox (badness 10000) has occurred while \output is active
[]
 []

[53]
<./md/grafos.png, id=1003, 875.52094pt x 349.305pt>
File: ./md/grafos.png Graphic file (type png)
<use ./md/grafos.png>
Package pdftex.def Info: ./md/grafos.png  used on input line 29.
(pdftex.def)             Requested size: 341.43306pt x 136.22307pt.

Overfull \hbox (5.43306pt too wide) in paragraph at lines 29--31
 [][] 
 []

LaTeX Info: Redefining \. on input line 68.
LaTeX Info: Redefining \% on input line 68.

Underfull \hbox (badness 10000) has occurred while \output is active
[]
 []

[54 <./md/grafos.png>]
Overfull \hbox (3.09816pt too wide) in paragraph at lines 112--114
[]\OT1/lmr/m/n/10 Subgrafos Con-si-de-re-mos un gra-fo $\OML/lmm/m/it/10 G\OT1/
lmr/m/n/10 (\OML/lmm/m/it/10 V; E\OT1/lmr/m/n/10 )\OML/lmm/m/it/10 :$ \OT1/lmr/
m/n/10 Di-re-mos que otro gra-fo $\OML/lmm/m/it/10 H\OT1/lmr/m/n/10 (\OML/lmm/m
/it/10 V[]; E[]\OT1/lmr/m/n/10 )$
 []

<./md/letras.png, id=1015, 904.1278pt x 303.38344pt>
File: ./md/letras.png Graphic file (type png)
<use ./md/letras.png>
Package pdftex.def Info: ./md/letras.png  used on input line 139.
(pdftex.def)             Requested size: 284.52756pt x 95.4737pt.

LaTeX Warning: `!h' float specifier changed to `!ht'.

<./md/homomorfas.png, id=1016, 921.4425pt x 314.67563pt>
File: ./md/homomorfas.png Graphic file (type png)
<use ./md/homomorfas.png>
Package pdftex.def Info: ./md/homomorfas.png  used on input line 156.
(pdftex.def)             Requested size: 227.62204pt x 77.7324pt.
LaTeX Info: Redefining \. on input line 160.
LaTeX Info: Redefining \% on input line 160.

Underfull \hbox (badness 10000) has occurred while \output is active
[]
 []

[55]
LaTeX Info: Redefining \. on input line 191.
LaTeX Info: Redefining \% on input line 191.

Underfull \hbox (badness 10000) has occurred while \output is active
[]
 []

[56 <./md/letras.png> <./md/homomorfas.png>]
<./md/grafo_8_8.png, id=1037, 907.13907pt x 328.22626pt>
File: ./md/grafo_8_8.png Graphic file (type png)
<use ./md/grafo_8_8.png>
Package pdftex.def Info: ./md/grafo_8_8.png  used on input line 205.
(pdftex.def)             Requested size: 284.52756pt x 102.94608pt.
<./md/grafo_8_8_a.png, id=1039, 609.02531pt x 413.29407pt>
File: ./md/grafo_8_8_a.png Graphic file (type png)
<use ./md/grafo_8_8_a.png>
Package pdftex.def Info: ./md/grafo_8_8_a.png  used on input line 230.
(pdftex.def)             Requested size: 142.26378pt x 96.53761pt.
File: ./md/grafo_8_8_a.png Graphic file (type png)
<use ./md/grafo_8_8_a.png>
Package pdftex.def Info: ./md/grafo_8_8_a.png  used on input line 239.
(pdftex.def)             Requested size: 142.26378pt x 96.53761pt.


LaTeX Warning: `!h' float specifier changed to `!ht'.

File: ./md/grafo_8_8_a.png Graphic file (type png)
<use ./md/grafo_8_8_a.png>
Package pdftex.def Info: ./md/grafo_8_8_a.png  used on input line 248.
(pdftex.def)             Requested size: 142.26378pt x 96.53761pt.

LaTeX Warning: `!h' float specifier changed to `!ht'.

File: ./md/grafo_8_8_a.png Graphic file (type png)
<use ./md/grafo_8_8_a.png>
Package pdftex.def Info: ./md/grafo_8_8_a.png  used on input line 257.
(pdftex.def)             Requested size: 142.26378pt x 96.53761pt.

LaTeX Warning: `!h' float specifier changed to `!ht'.

LaTeX Info: Redefining \. on input line 270.
LaTeX Info: Redefining \% on input line 270.

Underfull \hbox (badness 10000) has occurred while \output is active
[]
 []

[57 <./md/grafo_8_8.png> <./md/grafo_8_8_a.png>]
File: ./md/grafo_8_8.png Graphic file (type png)
<use ./md/grafo_8_8.png>
Package pdftex.def Info: ./md/grafo_8_8.png  used on input line 278.
(pdftex.def)             Requested size: 227.62204pt x 82.35686pt.
LaTeX Info: Redefining \. on input line 287.
LaTeX Info: Redefining \% on input line 287.

Underfull \hbox (badness 10000) has occurred while \output is active
[]
 []

[58]
File: ./md/grafo_8_8.png Graphic file (type png)
<use ./md/grafo_8_8.png>
Package pdftex.def Info: ./md/grafo_8_8.png  used on input line 291.
(pdftex.def)             Requested size: 227.62204pt x 82.35686pt.
<./md/grafo_8_9.png, id=1054, 907.13907pt x 266.49562pt>
File: ./md/grafo_8_9.png Graphic file (type png)
<use ./md/grafo_8_9.png>
Package pdftex.def Info: ./md/grafo_8_9.png  used on input line 313.
(pdftex.def)             Requested size: 284.52756pt x 83.58464pt.
<./md/fig0809.png, id=1056, 796.47563pt x 245.41687pt>
File: ./md/fig0809.png Graphic file (type png)
<use ./md/fig0809.png>
Package pdftex.def Info: ./md/fig0809.png  used on input line 326.
(pdftex.def)             Requested size: 277.02058pt x 85.35826pt.


LaTeX Warning: `h' float specifier changed to `ht'.

<./md/grafo_8_10.png, id=1057, 911.65594pt x 285.31593pt>
File: ./md/grafo_8_10.png Graphic file (type png)
<use ./md/grafo_8_10.png>
Package pdftex.def Info: ./md/grafo_8_10.png  used on input line 338.
(pdftex.def)             Requested size: 284.52756pt x 89.0478pt.

LaTeX Warning: `!h' float specifier changed to `!ht'.

LaTeX Info: Redefining \. on input line 353.
LaTeX Info: Redefining \% on input line 353.

Underfull \hbox (badness 10000) has occurred while \output is active
[]
 []

[59 <./md/grafo_8_9.png>]
LaTeX Info: Redefining \. on input line 400.
LaTeX Info: Redefining \% on input line 400.

Underfull \hbox (badness 10000) has occurred while \output is active
[]
 []

[60 <./md/fig0809.png> <./md/grafo_8_10.png>]
<./md/grafo_8_11.png, id=1074, 935.74594pt x 271.0125pt>
File: ./md/grafo_8_11.png Graphic file (type png)
<use ./md/grafo_8_11.png>
Package pdftex.def Info: ./md/grafo_8_11.png  used on input line 415.
(pdftex.def)             Requested size: 284.52756pt x 82.40436pt.
<./md/fig0827.png, id=1075, 892.83563pt x 322.20375pt>
File: ./md/fig0827.png Graphic file (type png)
<use ./md/fig0827.png>
Package pdftex.def Info: ./md/fig0827.png  used on input line 444.
(pdftex.def)             Requested size: 284.52756pt x 102.67957pt.
) (md_07_digrafos.tex
LaTeX Info: Redefining \. on input line 7.
LaTeX Info: Redefining \% on input line 7.

Underfull \hbox (badness 10000) has occurred while \output is active
[]
 []

[61 <./md/grafo_8_11.png> <./md/fig0827.png>]
<./md/fig0901a.png, id=1085, 545.78906pt x 343.2825pt>
File: ./md/fig0901a.png Graphic file (type png)
<use ./md/fig0901a.png>
Package pdftex.def Info: ./md/fig0901a.png  used on input line 43.
(pdftex.def)             Requested size: 135.70572pt x 85.35826pt.
<./md/fig0901b.png, id=1086, 413.29407pt x 350.81062pt>
File: ./md/fig0901b.png Graphic file (type png)
<use ./md/fig0901b.png>
Package pdftex.def Info: ./md/fig0901b.png  used on input line 57.
(pdftex.def)             Requested size: 142.26378pt x 120.75679pt.


LaTeX Warning: `h' float specifier changed to `ht'.

LaTeX Info: Redefining \. on input line 74.
LaTeX Info: Redefining \% on input line 74.

Underfull \hbox (badness 10000) has occurred while \output is active
[]
 []

[62 <./md/fig0901a.png>]
<./md/fig0904a.png, id=1095, 627.84563pt x 381.67593pt>
File: ./md/fig0904a.png Graphic file (type png)
<use ./md/fig0904a.png>
Package pdftex.def Info: ./md/fig0904a.png  used on input line 102.
(pdftex.def)             Requested size: 140.40652pt x 85.35826pt.


LaTeX Warning: `h' float specifier changed to `ht'.

LaTeX Info: Redefining \. on input line 138.
LaTeX Info: Redefining \% on input line 138.

Underfull \hbox (badness 10000) has occurred while \output is active
[]
 []

[63 <./md/fig0901b.png>]
File: ./md/fig0904a.png Graphic file (type png)
<use ./md/fig0904a.png>
Package pdftex.def Info: ./md/fig0904a.png  used on input line 177.
(pdftex.def)             Requested size: 140.40652pt x 85.35826pt.
LaTeX Info: Redefining \. on input line 193.
LaTeX Info: Redefining \% on input line 193.

Underfull \hbox (badness 10000) has occurred while \output is active
[]
 []

[64 <./md/fig0904a.png>]
LaTeX Info: Redefining \. on input line 271.
LaTeX Info: Redefining \% on input line 271.

Underfull \hbox (badness 10000) has occurred while \output is active
[]
 []

[65pdfTeX warning (ext4): destination with the same identifier (name{equation.3
.3.1}) has been already used, duplicate ignored
<argument> ...shipout:D \box_use:N \l_shipout_box 
                                                  
l.271 	\end{equation}
                     ])
No file __draft__.bbl.
LaTeX Info: Redefining \. on input line 41.
LaTeX Info: Redefining \% on input line 41.

Underfull \hbox (badness 10000) has occurred while \output is active
[]
 []

[66] (__draft__.aux
LaTeX Info: Redefining \. on input line 23.
LaTeX Info: Redefining \% on input line 23.
)

LaTeX Warning: There were multiply-defined labels.

Package rerunfilecheck Info: File `__draft__.out' has not changed.
(rerunfilecheck)             Checksum: 348F68257CBB38FE46DE962D83851188;14933.
 ) 
Here is how much of TeX's memory you used:
 24724 strings out of 479163
 451045 string characters out of 2853998
 742303 words of memory out of 3000000
 41273 multiletter control sequences out of 15000+600000
 479359 words of font info for 125 fonts, out of 8000000 for 9000
 1141 hyphenation exceptions out of 8191
 89i,15n,83p,573b,765s stack positions out of 5000i,500n,10000p,200000b,80000s
{C:/Users/julih/AppData/Local/Programs/MiKTeX/fonts/enc/dvips/lm/lm-rm.enc}{C
:/Users/julih/AppData/Local/Programs/MiKTeX/fonts/enc/dvips/lm/lm-mathit.enc}{C
:/Users/julih/AppData/Local/Programs/MiKTeX/fonts/enc/dvips/lm/lm-rmtt.enc}{C:/
Users/julih/AppData/Local/Programs/MiKTeX/fonts/enc/dvips/lm/lm-mathex.enc}{C:/
Users/julih/AppData/Local/Programs/MiKTeX/fonts/enc/dvips/lm/lm-mathsy.enc}<C:/
Users/julih/AppData/Local/Programs/MiKTeX/fonts/type1/public/amsfonts/cm/cmbx10
.pfb><C:/Users/julih/AppData/Local/Programs/MiKTeX/fonts/type1/public/amsfonts/
cm/cmr10.pfb><C:/Users/julih/AppData/Local/Programs/MiKTeX/fonts/type1/public/a
msfonts/cm/cmss10.pfb><C:/Users/julih/AppData/Local/Programs/MiKTeX/fonts/type1
/public/amsfonts/cm/cmssbx10.pfb><C:/Users/julih/AppData/Local/Programs/MiKTeX/
fonts/type1/public/amsfonts/euler/eufm10.pfb><C:/Users/julih/AppData/Local/Prog
rams/MiKTeX/fonts/type1/public/lm/lmbsy10.pfb><C:/Users/julih/AppData/Local/Pro
grams/MiKTeX/fonts/type1/public/lm/lmbx10.pfb><C:/Users/julih/AppData/Local/Pro
grams/MiKTeX/fonts/type1/public/lm/lmex10.pfb><C:/Users/julih/AppData/Local/Pro
grams/MiKTeX/fonts/type1/public/lm/lmmi10.pfb><C:/Users/julih/AppData/Local/Pro
grams/MiKTeX/fonts/type1/public/lm/lmmi5.pfb><C:/Users/julih/AppData/Local/Prog
rams/MiKTeX/fonts/type1/public/lm/lmmi7.pfb><C:/Users/julih/AppData/Local/Progr
ams/MiKTeX/fonts/type1/public/lm/lmmi9.pfb><C:/Users/julih/AppData/Local/Progra
ms/MiKTeX/fonts/type1/public/lm/lmmib10.pfb><C:/Users/julih/AppData/Local/Progr
ams/MiKTeX/fonts/type1/public/lm/lmr10.pfb><C:/Users/julih/AppData/Local/Progra
ms/MiKTeX/fonts/type1/public/lm/lmr6.pfb><C:/Users/julih/AppData/Local/Programs
/MiKTeX/fonts/type1/public/lm/lmr7.pfb><C:/Users/julih/AppData/Local/Programs/M
iKTeX/fonts/type1/public/lm/lmr8.pfb><C:/Users/julih/AppData/Local/Programs/MiK
TeX/fonts/type1/public/lm/lmr9.pfb><C:/Users/julih/AppData/Local/Programs/MiKTe
X/fonts/type1/public/lm/lmri10.pfb><C:/Users/julih/AppData/Local/Programs/MiKTe
X/fonts/type1/public/lm/lmsy10.pfb><C:/Users/julih/AppData/Local/Programs/MiKTe
X/fonts/type1/public/lm/lmsy7.pfb><C:/Users/julih/AppData/Local/Programs/MiKTeX
/fonts/type1/public/lm/lmsy9.pfb><C:/Users/julih/AppData/Local/Programs/MiKTeX/
fonts/type1/public/lm/lmtk10.pfb><C:/Users/julih/AppData/Local/Programs/MiKTeX/
fonts/type1/public/lm/lmtt10.pfb><C:/Users/julih/AppData/Local/Programs/MiKTeX/
fonts/type1/public/lm/lmtt8.pfb><C:/Users/julih/AppData/Local/Programs/MiKTeX/f
onts/type1/public/lm/lmtti10.pfb><C:/Users/julih/AppData/Local/Programs/MiKTeX/
fonts/type1/public/amsfonts/symbols/msam10.pfb><C:/Users/julih/AppData/Local/Pr
ograms/MiKTeX/fonts/type1/public/amsfonts/symbols/msbm10.pfb>
Output written on __draft__.pdf (66 pages, 1481052 bytes).
PDF statistics:
 1333 PDF objects out of 1440 (max. 8388607)
 514 named destinations out of 1000 (max. 500000)
 773 words of extra memory for PDF output out of 10000 (max. 10000000)

