\BOOKMARK [0][-]{chapter.1}{\376\377\000C\000a\000p\000\355\000t\000u\000l\000o\000\040\0001\000.\000\040\000M\000a\000t\000e\000m\000\341\000t\000i\000c\000a\000s\000\040\000D\000i\000s\000c\000r\000e\000t\000a\000s}{}% 1
\BOOKMARK [1][-]{section.1.1}{\376\377\0001\000.\000\040\000M\000a\000t\000r\000i\000c\000e\000s}{chapter.1}% 2
\BOOKMARK [1][-]{section.1.2}{\376\377\0002\000.\000\040\000T\000e\000o\000r\000\355\000a\000\040\000g\000e\000n\000e\000r\000a\000l\000\040\000d\000e\000\040\000g\000r\000a\000f\000o\000s}{chapter.1}% 3
\BOOKMARK [1][-]{section.1.3}{\376\377\0003\000.\000\040\000D\000i\000g\000r\000a\000f\000o\000s}{chapter.1}% 4
\BOOKMARK [0][-]{chapter.2}{\376\377\000C\000a\000p\000\355\000t\000u\000l\000o\000\040\0002\000.\000\040\000P\000r\000o\000b\000a\000b\000i\000l\000i\000d\000a\000d}{}% 5
\BOOKMARK [1][-]{section.2.1}{\376\377\0001\000.\000\040\000F\000u\000n\000d\000a\000m\000e\000n\000t\000o\000s\000\040\000d\000e\000\040\000p\000r\000o\000b\000a\000b\000i\000l\000i\000d\000a\000d}{chapter.2}% 6
\BOOKMARK [1][-]{section.2.2}{\376\377\0002\000.\000\040\000A\000n\000\341\000l\000i\000s\000i\000s\000\040\000c\000o\000m\000b\000i\000n\000a\000t\000o\000r\000i\000o}{chapter.2}% 7
\BOOKMARK [1][-]{section.2.3}{\376\377\0003\000.\000\040\000P\000r\000o\000b\000a\000b\000i\000l\000i\000d\000a\000d\000\040\000c\000o\000n\000d\000i\000c\000i\000o\000n\000a\000l}{chapter.2}% 8
\BOOKMARK [1][-]{section.2.4}{\376\377\0004\000.\000\040\000V\000a\000r\000i\000a\000b\000l\000e\000s\000\040\000a\000l\000e\000a\000t\000o\000r\000i\000a\000s}{chapter.2}% 9
\BOOKMARK [1][-]{section.2.5}{\376\377\0005\000.\000\040\000F\000u\000n\000c\000i\000o\000n\000e\000s\000\040\000d\000e\000\040\000p\000r\000o\000b\000a\000b\000i\000l\000i\000d\000a\000d\000\040\000d\000i\000s\000c\000r\000e\000t\000a\000s}{chapter.2}% 10
\BOOKMARK [1][-]{section.2.6}{\376\377\0006\000.\000\040\000F\000u\000n\000c\000i\000o\000n\000e\000s\000\040\000d\000e\000\040\000d\000i\000s\000t\000r\000i\000b\000u\000c\000i\000\363\000n\000\040\000p\000a\000r\000a\000\040\000v\000a\000r\000i\000a\000b\000l\000e\000s\000\040\000a\000l\000e\000a\000t\000o\000r\000i\000a\000s\000\040\000d\000i\000s\000c\000r\000e\000t\000a\000s}{chapter.2}% 11
\BOOKMARK [1][-]{section.2.7}{\376\377\0007\000.\000\040\000V\000a\000r\000i\000a\000b\000l\000e\000\040\000A\000l\000e\000a\000t\000o\000r\000i\000a\000s\000\040\000C\000o\000n\000t\000i\000n\000u\000a\000s}{chapter.2}% 12
\BOOKMARK [1][-]{section.2.8}{\376\377\0008\000.\000\040\000I\000n\000t\000e\000r\000p\000r\000e\000t\000a\000c\000i\000\363\000n\000\040\000g\000r\000\341\000f\000i\000c\000a}{chapter.2}% 13
\BOOKMARK [1][-]{section.2.9}{\376\377\0009\000.\000\040\000D\000i\000s\000t\000r\000i\000b\000u\000c\000i\000\363\000n\000\040\000c\000o\000n\000j\000u\000n\000t\000a\000\040\000d\000e\000\040\000p\000r\000o\000b\000a\000b\000i\000l\000i\000d\000a\000d}{chapter.2}% 14
\BOOKMARK [1][-]{section.2.10}{\376\377\0001\0000\000.\000\040\000V\000a\000r\000i\000a\000b\000l\000e\000s\000\040\000A\000l\000e\000a\000t\000o\000r\000i\000a\000s\000\040\000I\000n\000d\000e\000p\000e\000n\000d\000i\000e\000n\000t\000e\000s}{chapter.2}% 15
\BOOKMARK [1][-]{section.2.11}{\376\377\0001\0001\000.\000\040\000D\000i\000s\000t\000r\000i\000b\000u\000c\000i\000\363\000n\000\040\000C\000o\000n\000d\000i\000c\000i\000o\000n\000a\000l}{chapter.2}% 16
\BOOKMARK [1][-]{section.2.12}{\376\377\0001\0002\000.\000\040\000D\000e\000f\000i\000n\000i\000c\000i\000\363\000n\000\040\000d\000e\000\040\000E\000s\000p\000e\000r\000a\000n\000z\000a\000\040\000M\000a\000t\000e\000m\000\341\000t\000i\000c\000a}{chapter.2}% 17
\BOOKMARK [1][-]{section.2.13}{\376\377\0001\0003\000.\000\040\000V\000a\000r\000i\000a\000n\000z\000a\000\040\000y\000\040\000D\000e\000s\000v\000i\000a\000c\000i\000\363\000n\000\040\000E\000s\000t\000\341\000n\000d\000a\000r}{chapter.2}% 18
\BOOKMARK [1][-]{section.2.14}{\376\377\0001\0004\000.\000\040\000C\000o\000v\000a\000r\000i\000a\000n\000z\000a}{chapter.2}% 19
\BOOKMARK [1][-]{section.2.15}{\376\377\0001\0005\000.\000\040\000L\000a\000\040\000D\000i\000s\000t\000r\000i\000b\000u\000c\000i\000\363\000n\000\040\000B\000i\000n\000o\000m\000i\000a\000l}{chapter.2}% 20
\BOOKMARK [1][-]{section.2.16}{\376\377\0001\0006\000.\000\040\000D\000i\000s\000t\000r\000i\000b\000u\000c\000i\000\363\000n\000\040\000N\000o\000r\000m\000a\000l}{chapter.2}% 21
\BOOKMARK [1][-]{section.2.17}{\376\377\0001\0007\000.\000\040\000R\000e\000l\000a\000c\000i\000\363\000n\000\040\000e\000n\000t\000r\000e\000\040\000l\000a\000s\000\040\000d\000i\000s\000t\000r\000i\000b\000u\000c\000i\000o\000n\000e\000s\000\040\000b\000i\000n\000o\000m\000i\000a\000l\000\040\000y\000\040\000n\000o\000r\000m\000a\000l}{chapter.2}% 22
\BOOKMARK [1][-]{section.2.18}{\376\377\0001\0008\000.\000\040\000L\000a\000\040\000D\000i\000s\000t\000r\000i\000b\000u\000c\000i\000\363\000n\000\040\000d\000e\000\040\000P\000o\000i\000s\000s\000o\000n}{chapter.2}% 23
\BOOKMARK [1][-]{section.2.19}{\376\377\0001\0009\000.\000\040\000R\000e\000l\000a\000c\000i\000\363\000n\000\040\000e\000n\000t\000r\000e\000\040\000l\000a\000s\000\040\000D\000i\000s\000t\000r\000i\000b\000u\000c\000i\000o\000n\000e\000s\000\040\000B\000i\000n\000o\000m\000i\000a\000l\000e\000s\000\040\000y\000\040\000d\000e\000\040\000P\000o\000i\000s\000s\000o\000n}{chapter.2}% 24
\BOOKMARK [1][-]{section.2.20}{\376\377\0002\0000\000.\000\040\000D\000i\000s\000t\000r\000i\000b\000u\000c\000i\000\363\000n\000\040\000m\000u\000l\000t\000i\000n\000o\000m\000i\000a\000l}{chapter.2}% 25
\BOOKMARK [1][-]{section.2.21}{\376\377\0002\0001\000.\000\040\000P\000r\000o\000b\000l\000e\000m\000a\000s\000\040\000R\000e\000s\000u\000e\000l\000t\000o\000s}{chapter.2}% 26
